This is XeTeX, Version 3.14159265-2.6-0.99996 (TeX Live 2016) (preloaded format=xelatex 2016.12.21)  25 DEC 2016 00:39
entering extended mode
 restricted \write18 enabled.
 %&-line parsing enabled.
**D2-ACHNOWLEDGEMENT.tex
(./D2-ACHNOWLEDGEMENT.tex
LaTeX2e <2016/03/31>
Babel <3.9r> and hyphenation patterns for 83 language(s) loaded.
! Undefined control sequence.
l.1 {\kaishu
            
The control sequence at the end of the top line
of your error message was never \def'ed. If you have
misspelled it (e.g., `\hobx'), type `I' and the correct
spelling (e.g., `I\hbox'). Otherwise just continue,
and I'll forget about whatever was undefined.

! Undefined control sequence.
l.2 \chapter
            *{è‡´\qquad è°¢}
The control sequence at the end of the top line
of your error message was never \def'ed. If you have
misspelled it (e.g., `\hobx'), type `I' and the correct
spelling (e.g., `I\hbox'). Otherwise just continue,
and I'll forget about whatever was undefined.


! LaTeX Error: Missing \begin{document}.

See the LaTeX manual or LaTeX Companion for explanation.
Type  H <return>  for immediate help.
 ...                                              
                                                  
l.2 \chapter*
             {è‡´\qquad è°¢}
You're in trouble here.  Try typing  <return>  to proceed.
If that doesn't work, type  X <return>  to quit.

Missing character: There is no * in font nullfont!
Missing character: There is no è‡´ in font nullfont!
Missing character: There is no è°¢ in font nullfont!

! LaTeX Error: Environment spacing undefined.

See the LaTeX manual or LaTeX Companion for explanation.
Type  H <return>  for immediate help.
 ...                                              
                                                  
l.3 \begin{spacing}
                   {1.5}
Your command was ignored.
Type  I <command> <return>  to replace it with another command,
or  <return>  to continue without it.

Missing character: There is no 1 in font nullfont!
Missing character: There is no . in font nullfont!
Missing character: There is no 5 in font nullfont!
Missing character: There is no æ—¶ in font nullfont!
Missing character: There is no å…‰ in font nullfont!
Missing character: There is no é£ in font nullfont!
Missing character: There is no é€ in font nullfont!
Missing character: There is no ï¼Œ in font nullfont!
Missing character: There is no å² in font nullfont!
Missing character: There is no æœˆ in font nullfont!
Missing character: There is no å¦‚ in font nullfont!
Missing character: There is no æ¢­ in font nullfont!
Missing character: There is no ï¼ in font nullfont!
Missing character: There is no å…¥ in font nullfont!
Missing character: There is no å­¦ in font nullfont!
Missing character: There is no æ—¶ in font nullfont!
Missing character: There is no çš„ in font nullfont!
Missing character: There is no æƒ… in font nullfont!
Missing character: There is no æ™¯ in font nullfont!
Missing character: There is no ä»¿ in font nullfont!
Missing character: There is no ä½› in font nullfont!
Missing character: There is no å°± in font nullfont!
Missing character: There is no åœ¨ in font nullfont!
Missing character: There is no æ˜¨ in font nullfont!
Missing character: There is no æ—¥ in font nullfont!
Missing character: There is no ï¼Œ in font nullfont!
Missing character: There is no è€Œ in font nullfont!
Missing character: There is no è½¬ in font nullfont!
Missing character: There is no çœ¼ in font nullfont!
Missing character: There is no é—´ in font nullfont!
Missing character: There is no æˆ‘ in font nullfont!
Missing character: There is no çš„ in font nullfont!
Missing character: There is no åš in font nullfont!
Missing character: There is no å£« in font nullfont!
Missing character: There is no æ±‚ in font nullfont!
Missing character: There is no å­¦ in font nullfont!
Missing character: There is no ç”Ÿ in font nullfont!
Missing character: There is no æ¶¯ in font nullfont!
Missing character: There is no å°± in font nullfont!
Missing character: There is no å·² in font nullfont!
Missing character: There is no æ¥ in font nullfont!
Missing character: There is no è¿‘ in font nullfont!
Missing character: There is no å°¾ in font nullfont!
Missing character: There is no å£° in font nullfont!
Missing character: There is no ã€‚ in font nullfont!
Missing character: There is no å› in font nullfont!
Missing character: There is no é¦– in font nullfont!
Missing character: There is no è¿‡ in font nullfont!
Missing character: There is no å¾€ in font nullfont!
Missing character: There is no ç§ in font nullfont!
Missing character: There is no ç§ in font nullfont!
Missing character: There is no ï¼Œ in font nullfont!
Missing character: There is no å¿ƒ in font nullfont!
Missing character: There is no ä¸­ in font nullfont!
Missing character: There is no æ—  in font nullfont!
Missing character: There is no é™ in font nullfont!
Missing character: There is no æ„Ÿ in font nullfont!
Missing character: There is no æ…¨ in font nullfont!
Missing character: There is no ã€‚ in font nullfont!

Overfull \hbox (20.0pt too wide) in paragraph at lines 2--5
[]
 []


! LaTeX Error: Missing \begin{document}.

See the LaTeX manual or LaTeX Companion for explanation.
Type  H <return>  for immediate help.
 ...                                              
                                                  
l.6 æˆ‘
       è¦çœŸè¯šçš„æ„Ÿè°¢æˆ‘çš„å¯¼å¸ˆå‘¨å‚²è‹±æ•™æˆã€‚å‘¨è€å¸ˆä¸ä»…æ•™å¯¼...

You're in trouble here.  Try typing  <return>  to proceed.
If that doesn't work, type  X <return>  to quit.

Missing character: There is no æˆ‘ in font nullfont!
Missing character: There is no è¦ in font nullfont!
Missing character: There is no çœŸ in font nullfont!
Missing character: There is no è¯š in font nullfont!
Missing character: There is no çš„ in font nullfont!
Missing character: There is no æ„Ÿ in font nullfont!
Missing character: There is no è°¢ in font nullfont!
Missing character: There is no æˆ‘ in font nullfont!
Missing character: There is no çš„ in font nullfont!
Missing character: There is no å¯¼ in font nullfont!
Missing character: There is no å¸ˆ in font nullfont!
Missing character: There is no å‘¨ in font nullfont!
Missing character: There is no å‚² in font nullfont!
Missing character: There is no è‹± in font nullfont!
Missing character: There is no æ•™ in font nullfont!
Missing character: There is no æˆ in font nullfont!
Missing character: There is no ã€‚ in font nullfont!
Missing character: There is no å‘¨ in font nullfont!
Missing character: There is no è€ in font nullfont!
Missing character: There is no å¸ˆ in font nullfont!
Missing character: There is no ä¸ in font nullfont!
Missing character: There is no ä»… in font nullfont!
Missing character: There is no æ•™ in font nullfont!
Missing character: There is no å¯¼ in font nullfont!
Missing character: There is no æˆ‘ in font nullfont!
Missing character: There is no å¦‚ in font nullfont!
Missing character: There is no ä½• in font nullfont!
Missing character: There is no ç§‘ in font nullfont!
Missing character: There is no ç ” in font nullfont!
Missing character: There is no ï¼Œ in font nullfont!
Missing character: There is no è¿˜ in font nullfont!
Missing character: There is no åœ¨ in font nullfont!
Missing character: There is no ç”Ÿ in font nullfont!
Missing character: There is no æ´» in font nullfont!
Missing character: There is no ä¸Š in font nullfont!
Missing character: There is no ç»™ in font nullfont!
Missing character: There is no äºˆ in font nullfont!
Missing character: There is no æˆ‘ in font nullfont!
Missing character: There is no ç† in font nullfont!
Missing character: There is no è§£ in font nullfont!
Missing character: There is no å’Œ in font nullfont!
Missing character: There is no æ”¯ in font nullfont!
Missing character: There is no æŒ in font nullfont!
Missing character: There is no ã€‚ in font nullfont!
Missing character: There is no ä»– in font nullfont!
Missing character: There is no å¯¹ in font nullfont!
Missing character: There is no å·¥ in font nullfont!
Missing character: There is no ä½œ in font nullfont!
Missing character: There is no çš„ in font nullfont!
Missing character: There is no çƒ­ in font nullfont!
Missing character: There is no æƒ… in font nullfont!
Missing character: There is no ã€ in font nullfont!
Missing character: There is no æ±‚ in font nullfont!
Missing character: There is no çœŸ in font nullfont!
Missing character: There is no åŠ¡ in font nullfont!
Missing character: There is no å® in font nullfont!
Missing character: There is no ã€ in font nullfont!
Missing character: There is no åˆ» in font nullfont!
Missing character: There is no è‹¦ in font nullfont!
Missing character: There is no ä¸¥ in font nullfont!
Missing character: There is no è°¨ in font nullfont!
Missing character: There is no çš„ in font nullfont!
Missing character: There is no å·¥ in font nullfont!
Missing character: There is no ä½œ in font nullfont!
Missing character: There is no æ€ in font nullfont!
Missing character: There is no åº¦ in font nullfont!
Missing character: There is no ä¸º in font nullfont!
Missing character: There is no æˆ‘ in font nullfont!
Missing character: There is no æ ‘ in font nullfont!
Missing character: There is no ç«‹ in font nullfont!
Missing character: There is no äº† in font nullfont!
Missing character: There is no è‰¯ in font nullfont!
Missing character: There is no å¥½ in font nullfont!
Missing character: There is no çš„ in font nullfont!
Missing character: There is no æ¦œ in font nullfont!
Missing character: There is no æ · in font nullfont!
Missing character: There is no ã€‚ in font nullfont!
Missing character: There is no ç‰¹ in font nullfont!
Missing character: There is no åˆ« in font nullfont!
Missing character: There is no æ˜¯ in font nullfont!
Missing character: There is no ï¼Œ in font nullfont!
Missing character: There is no ä»¥ in font nullfont!
Missing character: There is no åº” in font nullfont!
Missing character: There is no ç”¨ in font nullfont!
Missing character: There is no é©± in font nullfont!
Missing character: There is no åŠ¨ in font nullfont!
Missing character: There is no åˆ› in font nullfont!
Missing character: There is no æ–° in font nullfont!
Missing character: There is no çš„ in font nullfont!
Missing character: There is no ç† in font nullfont!
Missing character: There is no å¿µ in font nullfont!
Missing character: There is no ç»™ in font nullfont!
Missing character: There is no æˆ‘ in font nullfont!
Missing character: There is no æ·± in font nullfont!
Missing character: There is no åˆ» in font nullfont!
Missing character: There is no çš„ in font nullfont!
Missing character: There is no å¯ in font nullfont!
Missing character: There is no è¿ª in font nullfont!
Missing character: There is no ï¼Œ in font nullfont!
Missing character: There is no ä¸º in font nullfont!
Missing character: There is no æˆ‘ in font nullfont!
Missing character: There is no æŒ‡ in font nullfont!
Missing character: There is no æ˜ in font nullfont!
Missing character: There is no äº† in font nullfont!
Missing character: There is no ç§‘ in font nullfont!
Missing character: There is no ç ” in font nullfont!
Missing character: There is no çš„ in font nullfont!
Missing character: There is no æ–¹ in font nullfont!
Missing character: There is no å‘ in font nullfont!
Missing character: There is no ã€‚ in font nullfont!
Missing character: There is no åœ¨ in font nullfont!
Missing character: There is no æˆ‘ in font nullfont!
Missing character: There is no é¢ in font nullfont!
Missing character: There is no ä¸´ in font nullfont!
Missing character: There is no ç”Ÿ in font nullfont!
Missing character: There is no å­ in font nullfont!
Missing character: There is no è¿™ in font nullfont!
Missing character: There is no æ · in font nullfont!
Missing character: There is no äºº in font nullfont!
Missing character: There is no ç”Ÿ in font nullfont!
Missing character: There is no é‡ in font nullfont!
Missing character: There is no å¤§ in font nullfont!
Missing character: There is no äº‹ in font nullfont!
Missing character: There is no æƒ… in font nullfont!
Missing character: There is no çš„ in font nullfont!
Missing character: There is no æ—¶ in font nullfont!
Missing character: There is no å€™ in font nullfont!
Missing character: There is no ï¼Œ in font nullfont!
Missing character: There is no å‘¨ in font nullfont!
Missing character: There is no è€ in font nullfont!
Missing character: There is no å¸ˆ in font nullfont!
Missing character: There is no å¦‚ in font nullfont!
Missing character: There is no äº² in font nullfont!
Missing character: There is no äºº in font nullfont!
Missing character: There is no èˆ¬ in font nullfont!
Missing character: There is no ç»™ in font nullfont!
Missing character: There is no äºˆ in font nullfont!
Missing character: There is no æˆ‘ in font nullfont!
Missing character: There is no æœ€ in font nullfont!
Missing character: There is no å¤§ in font nullfont!
Missing character: There is no çš„ in font nullfont!
Missing character: There is no ç† in font nullfont!
Missing character: There is no è§£ in font nullfont!
Missing character: There is no ä¸ in font nullfont!
Missing character: There is no æ”¯ in font nullfont!
Missing character: There is no æŒ in font nullfont!
Missing character: There is no ï¼Œ in font nullfont!
Missing character: There is no è®© in font nullfont!
Missing character: There is no æˆ‘ in font nullfont!
Missing character: There is no è‡³ in font nullfont!
Missing character: There is no ä»Š in font nullfont!
Missing character: There is no ä» in font nullfont!
Missing character: There is no ç„¶ in font nullfont!
Missing character: There is no è®° in font nullfont!
Missing character: There is no å¾— in font nullfont!
Missing character: There is no ä»– in font nullfont!
Missing character: There is no å¦‚ in font nullfont!
Missing character: There is no æ² in font nullfont!
Missing character: There is no æ˜¥ in font nullfont!
Missing character: There is no é£ in font nullfont!
Missing character: There is no èˆ¬ in font nullfont!
Missing character: There is no äº² in font nullfont!
Missing character: There is no åˆ‡ in font nullfont!
Missing character: There is no çš„ in font nullfont!
Missing character: There is no å…³ in font nullfont!
Missing character: There is no æ€€ in font nullfont!
Missing character: There is no ã€‚ in font nullfont!
Missing character: There is no æˆ‘ in font nullfont!
Missing character: There is no è¿˜ in font nullfont!
Missing character: There is no è¦ in font nullfont!
Missing character: There is no æ„Ÿ in font nullfont!
Missing character: There is no è°¢ in font nullfont!
Missing character: There is no ä¸€ in font nullfont!
Missing character: There is no ç›´ in font nullfont!
Missing character: There is no ç»™ in font nullfont!
Missing character: There is no äºˆ in font nullfont!
Missing character: There is no æˆ‘ in font nullfont!
Missing character: There is no æ‚‰ in font nullfont!
Missing character: There is no å¿ƒ in font nullfont!
Missing character: There is no æŒ‡ in font nullfont!
Missing character: There is no å¯¼ in font nullfont!
Missing character: There is no çš„ in font nullfont!
Missing character: There is no é’± in font nullfont!
Missing character: There is no å« in font nullfont!
Missing character: There is no å® in font nullfont!
Missing character: There is no è€ in font nullfont!
Missing character: There is no å¸ˆ in font nullfont!
Missing character: There is no ã€‚ in font nullfont!
Missing character: There is no åš in font nullfont!
Missing character: There is no å£« in font nullfont!
Missing character: There is no æœŸ in font nullfont!
Missing character: There is no é—´ in font nullfont!
Missing character: There is no æ˜¯ in font nullfont!
Missing character: There is no é’± in font nullfont!
Missing character: There is no è€ in font nullfont!
Missing character: There is no å¸ˆ in font nullfont!
Missing character: There is no ä¸€ in font nullfont!
Missing character: There is no ç›´ in font nullfont!
Missing character: There is no å¸¦ in font nullfont!
Missing character: There is no é¢† in font nullfont!
Missing character: There is no ç€ in font nullfont!
Missing character: There is no æˆ‘ in font nullfont!
Missing character: There is no å‚ in font nullfont!
Missing character: There is no ä¸ in font nullfont!
Missing character: There is no ä»– in font nullfont!
Missing character: There is no æŒ‡ in font nullfont!
Missing character: There is no å¯¼ in font nullfont!
Missing character: There is no çš„ in font nullfont!
Missing character: There is no é¡¹ in font nullfont!
Missing character: There is no ç›® in font nullfont!
Missing character: There is no ã€ in font nullfont!
Missing character: There is no å¼€ in font nullfont!
Missing character: There is no å±• in font nullfont!
Missing character: There is no ç¤¾ in font nullfont!
Missing character: There is no äº¤ in font nullfont!
Missing character: There is no æµ in font nullfont!
Missing character: There is no æ•° in font nullfont!
Missing character: There is no æ® in font nullfont!
Missing character: There is no ç”Ÿ in font nullfont!
Missing character: There is no æˆ in font nullfont!
Missing character: There is no ç›¸ in font nullfont!
Missing character: There is no å…³ in font nullfont!
Missing character: There is no çš„ in font nullfont!
Missing character: There is no ç ” in font nullfont!
Missing character: There is no ç©¶ in font nullfont!
Missing character: There is no å·¥ in font nullfont!
Missing character: There is no ä½œ in font nullfont!
Missing character: There is no ã€‚ in font nullfont!
Missing character: There is no ä»– in font nullfont!
Missing character: There is no å¹¿ in font nullfont!
Missing character: There is no é˜” in font nullfont!
Missing character: There is no çš„ in font nullfont!
Missing character: There is no è§† in font nullfont!
Missing character: There is no é‡ in font nullfont!
Missing character: There is no å’Œ in font nullfont!
Missing character: There is no æ¸Š in font nullfont!
Missing character: There is no åš in font nullfont!
Missing character: There is no çš„ in font nullfont!
Missing character: There is no çŸ¥ in font nullfont!
Missing character: There is no è¯† in font nullfont!
Missing character: There is no ä¸º in font nullfont!
Missing character: There is no æˆ‘ in font nullfont!
Missing character: There is no æŒ‡ in font nullfont!
Missing character: There is no æ˜ in font nullfont!
Missing character: There is no äº† in font nullfont!
Missing character: There is no ç ” in font nullfont!
Missing character: There is no ç©¶ in font nullfont!
Missing character: There is no çš„ in font nullfont!
Missing character: There is no æ–¹ in font nullfont!
Missing character: There is no å‘ in font nullfont!
Missing character: There is no ï¼Œ in font nullfont!
Missing character: There is no å¹¶ in font nullfont!
Missing character: There is no ç»™ in font nullfont!
Missing character: There is no äºˆ in font nullfont!
Missing character: There is no æˆ‘ in font nullfont!
Missing character: There is no è€ in font nullfont!
Missing character: There is no å¿ƒ in font nullfont!
Missing character: There is no åˆ in font nullfont!
Missing character: There is no ç²¾ in font nullfont!
Missing character: There is no å¿ƒ in font nullfont!
Missing character: There is no çš„ in font nullfont!
Missing character: There is no æŒ‡ in font nullfont!
Missing character: There is no å¯¼ in font nullfont!
Missing character: There is no ã€‚ in font nullfont!
Missing character: There is no åœ¨ in font nullfont!
Missing character: There is no æˆ‘ in font nullfont!
Missing character: There is no é‡ in font nullfont!
Missing character: There is no åˆ° in font nullfont!
Missing character: There is no æŒ« in font nullfont!
Missing character: There is no æŠ˜ in font nullfont!
Missing character: There is no è¿· in font nullfont!
Missing character: There is no å¤± in font nullfont!
Missing character: There is no æ–¹ in font nullfont!
Missing character: There is no å‘ in font nullfont!
Missing character: There is no æ—¶ in font nullfont!
Missing character: There is no ï¼Œ in font nullfont!
Missing character: There is no ä»– in font nullfont!
Missing character: There is no æ€» in font nullfont!
Missing character: There is no ä¼š in font nullfont!
Missing character: There is no ä¸ in font nullfont!
Missing character: There is no æˆ‘ in font nullfont!
Missing character: There is no è€ in font nullfont!
Missing character: There is no å¿ƒ in font nullfont!
Missing character: There is no çš„ in font nullfont!
Missing character: There is no æ²Ÿ in font nullfont!
Missing character: There is no é€š in font nullfont!
Missing character: There is no ï¼Œ in font nullfont!
Missing character: There is no ç»™ in font nullfont!
Missing character: There is no äºˆ in font nullfont!
Missing character: There is no æˆ‘ in font nullfont!
Missing character: There is no çœŸ in font nullfont!
Missing character: There is no è¯š in font nullfont!
Missing character: There is no çš„ in font nullfont!
Missing character: There is no å»º in font nullfont!
Missing character: There is no è®® in font nullfont!
Missing character: There is no å’Œ in font nullfont!
Missing character: There is no å¸® in font nullfont!
Missing character: There is no åŠ© in font nullfont!
Missing character: There is no ã€‚ in font nullfont!
Missing character: There is no æˆ‘ in font nullfont!
Missing character: There is no è¿˜ in font nullfont!
Missing character: There is no è¦ in font nullfont!
Missing character: There is no æ„Ÿ in font nullfont!
Missing character: There is no è°¢ in font nullfont!
Missing character: There is no é‡‘ in font nullfont!
Missing character: There is no æ¾ˆ in font nullfont!
Missing character: There is no æ¸… in font nullfont!
Missing character: There is no è€ in font nullfont!
Missing character: There is no å¸ˆ in font nullfont!
Missing character: There is no ã€ in font nullfont!
Missing character: There is no å¼  in font nullfont!
Missing character: There is no è“‰ in font nullfont!
Missing character: There is no è€ in font nullfont!
Missing character: There is no å¸ˆ in font nullfont!
Missing character: There is no ã€ in font nullfont!
Missing character: There is no ç‹ in font nullfont!
Missing character: There is no æ™“ in font nullfont!
Missing character: There is no ç² in font nullfont!
Missing character: There is no è€ in font nullfont!
Missing character: There is no å¸ˆ in font nullfont!
Missing character: There is no ã€ in font nullfont!
Missing character: There is no é«˜ in font nullfont!
Missing character: There is no æ˜ in font nullfont!
Missing character: There is no è€ in font nullfont!
Missing character: There is no å¸ˆ in font nullfont!
Missing character: There is no ã€ in font nullfont!
Missing character: There is no å‘¨ in font nullfont!
Missing character: There is no æ• in font nullfont!
Missing character: There is no å¥‡ in font nullfont!
Missing character: There is no è€ in font nullfont!
Missing character: There is no å¸ˆ in font nullfont!
Missing character: There is no ç­‰ in font nullfont!
Missing character: There is no å„ in font nullfont!
Missing character: There is no ä½ in font nullfont!
Missing character: There is no è€ in font nullfont!
Missing character: There is no å¸ˆ in font nullfont!
Missing character: There is no ï¼Œ in font nullfont!
Missing character: There is no åœ¨ in font nullfont!
Missing character: There is no ä»– in font nullfont!
Missing character: There is no ä»¬ in font nullfont!
Missing character: There is no èº« in font nullfont!
Missing character: There is no ä¸Š in font nullfont!
Missing character: There is no æˆ‘ in font nullfont!
Missing character: There is no å­¦ in font nullfont!
Missing character: There is no ä¹  in font nullfont!
Missing character: There is no åˆ° in font nullfont!
Missing character: There is no äº† in font nullfont!
Missing character: There is no ä¸€ in font nullfont!
Missing character: There is no ä¸ in font nullfont!
Missing character: There is no ä¸ in font nullfont!
Missing character: There is no è‹Ÿ in font nullfont!
Missing character: There is no çš„ in font nullfont!
Missing character: There is no ç§‘ in font nullfont!
Missing character: There is no ç ” in font nullfont!
Missing character: There is no ç²¾ in font nullfont!
Missing character: There is no ç¥ in font nullfont!
Missing character: There is no ï¼Œ in font nullfont!
Missing character: There is no åŒ in font nullfont!
Missing character: There is no æ—¶ in font nullfont!
Missing character: There is no è€ in font nullfont!
Missing character: There is no å¸ˆ in font nullfont!
Missing character: There is no ä»¬ in font nullfont!
Missing character: There is no çš„ in font nullfont!
Missing character: There is no æ—  in font nullfont!
Missing character: There is no ç§ in font nullfont!
Missing character: There is no å…³ in font nullfont!
Missing character: There is no æ€€ in font nullfont!
Missing character: There is no ä¹Ÿ in font nullfont!
Missing character: There is no è®© in font nullfont!
Missing character: There is no æˆ‘ in font nullfont!
Missing character: There is no æ—  in font nullfont!
Missing character: There is no æ¯” in font nullfont!
Missing character: There is no æ¸© in font nullfont!
Missing character: There is no æš– in font nullfont!
Missing character: There is no ã€‚ in font nullfont!
Missing character: There is no æ­¤ in font nullfont!
Missing character: There is no å¤– in font nullfont!
Missing character: There is no ï¼Œ in font nullfont!
Missing character: There is no æˆ‘ in font nullfont!
Missing character: There is no è¿˜ in font nullfont!
Missing character: There is no è¦ in font nullfont!
Missing character: There is no æ„Ÿ in font nullfont!
Missing character: There is no è°¢ in font nullfont!
Missing character: There is no æˆ‘ in font nullfont!
Missing character: There is no ç ” in font nullfont!
Missing character: There is no ç©¶ in font nullfont!
Missing character: There is no ç”Ÿ in font nullfont!
Missing character: There is no å¯¼ in font nullfont!
Missing character: There is no å¸ˆ in font nullfont!
Missing character: There is no å­™ in font nullfont!
Missing character: There is no ç„• in font nullfont!
Missing character: There is no è‰¯ in font nullfont!
Missing character: There is no è€ in font nullfont!
Missing character: There is no å¸ˆ in font nullfont!
Missing character: There is no ï¼Œ in font nullfont!
Missing character: There is no æ­£ in font nullfont!
Missing character: There is no æ˜¯ in font nullfont!
Missing character: There is no ç”± in font nullfont!
Missing character: There is no äº in font nullfont!
Missing character: There is no ä»– in font nullfont!
Missing character: There is no çš„ in font nullfont!
Missing character: There is no è« in font nullfont!
Missing character: There is no å¤§ in font nullfont!
Missing character: There is no å¸® in font nullfont!
Missing character: There is no åŠ© in font nullfont!
Missing character: There is no æ‰ in font nullfont!
Missing character: There is no å¾— in font nullfont!
Missing character: There is no ä»¥ in font nullfont!
Missing character: There is no å¸ˆ in font nullfont!
Missing character: There is no ä» in font nullfont!
Missing character: There is no å‘¨ in font nullfont!
Missing character: There is no è€ in font nullfont!
Missing character: There is no å¸ˆ in font nullfont!
Missing character: There is no é—¨ in font nullfont!
Missing character: There is no ä¸‹ in font nullfont!
Missing character: There is no ã€‚ in font nullfont!

Overfull \hbox (20.0pt too wide) in paragraph at lines 6--7
[] 
 []


! LaTeX Error: Missing \begin{document}.

See the LaTeX manual or LaTeX Companion for explanation.
Type  H <return>  for immediate help.
 ...                                              
                                                  
l.9 å¦
       å¤–ï¼Œæ„Ÿè°¢æ‰€æœ‰è¯»åšæœŸé—´é™ªä¼´æˆ‘çš„åŒå­¦å’Œæœ‹å‹ï¼Œä½ ä»¬æ˜¯...

You're in trouble here.  Try typing  <return>  to proceed.
If that doesn't work, type  X <return>  to quit.

Missing character: There is no å¦ in font nullfont!
Missing character: There is no å¤– in font nullfont!
Missing character: There is no ï¼Œ in font nullfont!
Missing character: There is no æ„Ÿ in font nullfont!
Missing character: There is no è°¢ in font nullfont!
Missing character: There is no æ‰€ in font nullfont!
Missing character: There is no æœ‰ in font nullfont!
Missing character: There is no è¯» in font nullfont!
Missing character: There is no åš in font nullfont!
Missing character: There is no æœŸ in font nullfont!
Missing character: There is no é—´ in font nullfont!
Missing character: There is no é™ª in font nullfont!
Missing character: There is no ä¼´ in font nullfont!
Missing character: There is no æˆ‘ in font nullfont!
Missing character: There is no çš„ in font nullfont!
Missing character: There is no åŒ in font nullfont!
Missing character: There is no å­¦ in font nullfont!
Missing character: There is no å’Œ in font nullfont!
Missing character: There is no æœ‹ in font nullfont!
Missing character: There is no å‹ in font nullfont!
Missing character: There is no ï¼Œ in font nullfont!
Missing character: There is no ä½  in font nullfont!
Missing character: There is no ä»¬ in font nullfont!
Missing character: There is no æ˜¯ in font nullfont!
Missing character: There is no æˆ‘ in font nullfont!
Missing character: There is no ç in font nullfont!
Missing character: There is no è´µ in font nullfont!
Missing character: There is no çš„ in font nullfont!
Missing character: There is no è´¢ in font nullfont!
Missing character: There is no å¯Œ in font nullfont!
Missing character: There is no ã€‚ in font nullfont!
Missing character: There is no æ„Ÿ in font nullfont!
Missing character: There is no è°¢ in font nullfont!
Missing character: There is no å·² in font nullfont!
Missing character: There is no ç» in font nullfont!
Missing character: There is no æ¯• in font nullfont!
Missing character: There is no ä¸š in font nullfont!
Missing character: There is no çš„ in font nullfont!
Missing character: There is no å¼  in font nullfont!
Missing character: There is no å¬ in font nullfont!
Missing character: There is no åš in font nullfont!
Missing character: There is no å£« in font nullfont!
Missing character: There is no ã€ in font nullfont!
Missing character: There is no èµµ in font nullfont!
Missing character: There is no æ–Œ in font nullfont!
Missing character: There is no åš in font nullfont!
Missing character: There is no å£« in font nullfont!
Missing character: There is no ã€ in font nullfont!
Missing character: There is no å¼  in font nullfont!
Missing character: There is no æ•¬ in font nullfont!
Missing character: There is no ä¼Ÿ in font nullfont!
Missing character: There is no åš in font nullfont!
Missing character: There is no å£« in font nullfont!
Missing character: There is no ã€ in font nullfont!
Missing character: There is no å¾ in font nullfont!
Missing character: There is no è¾° in font nullfont!
Missing character: There is no åš in font nullfont!
Missing character: There is no å£« in font nullfont!
Missing character: There is no ã€ in font nullfont!
Missing character: There is no ç‹ in font nullfont!
Missing character: There is no ç«‹ in font nullfont!
Missing character: There is no åš in font nullfont!
Missing character: There is no å£« in font nullfont!
Missing character: There is no å’Œ in font nullfont!
Missing character: There is no é—« in font nullfont!
Missing character: There is no å­£ in font nullfont!
Missing character: There is no é¸¿ in font nullfont!
Missing character: There is no åš in font nullfont!
Missing character: There is no å£« in font nullfont!
Missing character: There is no ç­‰ in font nullfont!
Missing character: There is no å¸ˆ in font nullfont!
Missing character: There is no å…„ in font nullfont!
Missing character: There is no å¸ˆ in font nullfont!
Missing character: There is no å§ in font nullfont!
Missing character: There is no ï¼Œ in font nullfont!
Missing character: There is no ä½  in font nullfont!
Missing character: There is no ä»¬ in font nullfont!
Missing character: There is no å¯¹ in font nullfont!
Missing character: There is no æˆ‘ in font nullfont!
Missing character: There is no åœ¨ in font nullfont!
Missing character: There is no å­¦ in font nullfont!
Missing character: There is no æœ¯ in font nullfont!
Missing character: There is no å’Œ in font nullfont!
Missing character: There is no ç”Ÿ in font nullfont!
Missing character: There is no æ´» in font nullfont!
Missing character: There is no ä¸Š in font nullfont!
Missing character: There is no ç»™ in font nullfont!
Missing character: There is no äºˆ in font nullfont!
Missing character: There is no äº† in font nullfont!
Missing character: There is no è¯¸ in font nullfont!
Missing character: There is no å¤š in font nullfont!
Missing character: There is no å»º in font nullfont!
Missing character: There is no è®® in font nullfont!
Missing character: There is no ã€‚ in font nullfont!
Missing character: There is no æ„Ÿ in font nullfont!
Missing character: There is no è°¢ in font nullfont!
Missing character: There is no ç•™ in font nullfont!
Missing character: There is no åœ¨ in font nullfont!
Missing character: There is no å in font nullfont!
Missing character: There is no å¸ˆ in font nullfont!
Missing character: There is no åš in font nullfont!
Missing character: There is no åš in font nullfont!
Missing character: There is no å in font nullfont!
Missing character: There is no çš„ in font nullfont!
Missing character: There is no å¤ in font nullfont!
Missing character: There is no å¸† in font nullfont!
Missing character: There is no åš in font nullfont!
Missing character: There is no å£« in font nullfont!
Missing character: There is no å’Œ in font nullfont!
Missing character: There is no å‚… in font nullfont!
Missing character: There is no äº‘ in font nullfont!
Missing character: There is no æ–Œ in font nullfont!
Missing character: There is no åš in font nullfont!
Missing character: There is no å£« in font nullfont!
Missing character: There is no ä»¥ in font nullfont!
Missing character: There is no åŠ in font nullfont!
Missing character: There is no å°š in font nullfont!
Missing character: There is no åœ¨ in font nullfont!
Missing character: There is no å¥‹ in font nullfont!
Missing character: There is no æ–— in font nullfont!
Missing character: There is no çš„ in font nullfont!
Missing character: There is no ç‹ in font nullfont!
Missing character: There is no ç§‘ in font nullfont!
Missing character: There is no å¼º in font nullfont!
Missing character: There is no ã€ in font nullfont!
Missing character: There is no å­” in font nullfont!
Missing character: There is no è¶… in font nullfont!
Missing character: There is no ã€ in font nullfont!
Missing character: There is no æ±ª in font nullfont!
Missing character: There is no è¯š in font nullfont!
Missing character: There is no ç¦¹ in font nullfont!
Missing character: There is no ï¼Œ in font nullfont!
Missing character: There is no ä½  in font nullfont!
Missing character: There is no ä»¬ in font nullfont!
Missing character: There is no ä¸º in font nullfont!
Missing character: There is no æˆ‘ in font nullfont!
Missing character: There is no çš„ in font nullfont!
Missing character: There is no è®º in font nullfont!
Missing character: There is no æ–‡ in font nullfont!
Missing character: There is no æ in font nullfont!
Missing character: There is no å‡º in font nullfont!
Missing character: There is no äº† in font nullfont!
Missing character: There is no å® in font nullfont!
Missing character: There is no è´µ in font nullfont!
Missing character: There is no çš„ in font nullfont!
Missing character: There is no ä¿® in font nullfont!
Missing character: There is no æ”¹ in font nullfont!
Missing character: There is no æ„ in font nullfont!
Missing character: There is no è§ in font nullfont!
Missing character: There is no ï¼Œ in font nullfont!
Missing character: There is no ä¹Ÿ in font nullfont!
Missing character: There is no ç¥ in font nullfont!
Missing character: There is no å¤ in font nullfont!
Missing character: There is no å¸† in font nullfont!
Missing character: There is no å’Œ in font nullfont!
Missing character: There is no å‚… in font nullfont!
Missing character: There is no äº‘ in font nullfont!
Missing character: There is no æ–Œ in font nullfont!
Missing character: There is no åš in font nullfont!
Missing character: There is no å£« in font nullfont!
Missing character: There is no é¡º in font nullfont!
Missing character: There is no åˆ© in font nullfont!
Missing character: There is no å‡º in font nullfont!
Missing character: There is no ç«™ in font nullfont!
Missing character: There is no ï¼Œ in font nullfont!
Missing character: There is no ç¥ in font nullfont!
Missing character: There is no å°š in font nullfont!
Missing character: There is no æœª in font nullfont!
Missing character: There is no æ¯• in font nullfont!
Missing character: There is no ä¸š in font nullfont!
Missing character: There is no çš„ in font nullfont!
Missing character: There is no åš in font nullfont!
Missing character: There is no å£« in font nullfont!
Missing character: There is no é¡º in font nullfont!
Missing character: There is no åˆ© in font nullfont!
Missing character: There is no å®Œ in font nullfont!
Missing character: There is no æˆ in font nullfont!
Missing character: There is no å­¦ in font nullfont!
Missing character: There is no ä¸š in font nullfont!
Missing character: There is no ã€‚ in font nullfont!
Missing character: There is no æ„Ÿ in font nullfont!
Missing character: There is no è°¢ in font nullfont!
Missing character: There is no é™ˆ in font nullfont!
Missing character: There is no å³° in font nullfont!
Missing character: There is no ã€ in font nullfont!
Missing character: There is no ç«  in font nullfont!
Missing character: There is no ç¾¤ in font nullfont!
Missing character: There is no ç‡• in font nullfont!
Missing character: There is no ã€ in font nullfont!
Missing character: There is no æœ in font nullfont!
Missing character: There is no é¹ƒ in font nullfont!
Missing character: There is no ã€ in font nullfont!
Missing character: There is no é©¬ in font nullfont!
Missing character: There is no æµ· in font nullfont!
Missing character: There is no æ¬£ in font nullfont!
Missing character: There is no ã€ in font nullfont!
Missing character: There is no é¡¾ in font nullfont!
Missing character: There is no ä¼¶ in font nullfont!
Missing character: There is no ã€ in font nullfont!
Missing character: There is no çºª in font nullfont!
Missing character: There is no æ–‡ in font nullfont!
Missing character: There is no è¿ª in font nullfont!
Missing character: There is no ã€ in font nullfont!
Missing character: There is no å“ˆ in font nullfont!
Missing character: There is no è¶Š in font nullfont!
Missing character: There is no ã€ in font nullfont!
Missing character: There is no éƒ­ in font nullfont!
Missing character: There is no å¿ƒ in font nullfont!
Missing character: There is no è¯­ in font nullfont!
Missing character: There is no å’Œ in font nullfont!
Missing character: There is no èƒ¡ in font nullfont!
Missing character: There is no é¢¢ in font nullfont!
Missing character: There is no ç»§ in font nullfont!
Missing character: There is no ç­‰ in font nullfont!
Missing character: There is no åŒ in font nullfont!
Missing character: There is no å­¦ in font nullfont!
Missing character: There is no ï¼Œ in font nullfont!
Missing character: There is no ä½  in font nullfont!
Missing character: There is no ä»¬ in font nullfont!
Missing character: There is no çš„ in font nullfont!
Missing character: There is no å­˜ in font nullfont!
Missing character: There is no åœ¨ in font nullfont!
Missing character: There is no ä½¿ in font nullfont!
Missing character: There is no æˆ‘ in font nullfont!
Missing character: There is no çš„ in font nullfont!
Missing character: There is no è¯» in font nullfont!
Missing character: There is no åš in font nullfont!
Missing character: There is no æ—¶ in font nullfont!
Missing character: There is no å…‰ in font nullfont!
Missing character: There is no æ›´ in font nullfont!
Missing character: There is no åŠ  in font nullfont!
Missing character: There is no ä¸° in font nullfont!
Missing character: There is no å¯Œ in font nullfont!
Missing character: There is no å¤š in font nullfont!
Missing character: There is no å½© in font nullfont!
Missing character: There is no ã€‚ in font nullfont!
Missing character: There is no æœ€ in font nullfont!
Missing character: There is no å in font nullfont!
Missing character: There is no ï¼Œ in font nullfont!
Missing character: There is no åº in font nullfont!
Missing character: There is no è‰³ in font nullfont!
Missing character: There is no éœ in font nullfont!
Missing character: There is no ã€ in font nullfont!
Missing character: There is no æˆ¿ in font nullfont!
Missing character: There is no ä¿Š in font nullfont!
Missing character: There is no å in font nullfont!
Missing character: There is no ã€ in font nullfont!
Missing character: There is no æ in font nullfont!
Missing character: There is no å¶ in font nullfont!
Missing character: There is no ã€ in font nullfont!
Missing character: There is no ä¸ in font nullfont!
Missing character: There is no é“– in font nullfont!
Missing character: There is no ã€ in font nullfont!
Missing character: There is no é­ in font nullfont!
Missing character: There is no é‡‘ in font nullfont!
Missing character: There is no ä»™ in font nullfont!
Missing character: There is no ã€ in font nullfont!
Missing character: There is no ç‹ in font nullfont!
Missing character: There is no ä¹‰ in font nullfont!
Missing character: There is no ã€ in font nullfont!
Missing character: There is no å®‹ in font nullfont!
Missing character: There is no ä¹ in font nullfont!
Missing character: There is no æ€¡ in font nullfont!
Missing character: There is no ã€ in font nullfont!
Missing character: There is no é™ˆ in font nullfont!
Missing character: There is no æ° in font nullfont!
Missing character: There is no ã€ in font nullfont!
Missing character: There is no å¼  in font nullfont!
Missing character: There is no è‰¯ in font nullfont!
Missing character: There is no ã€ in font nullfont!
Missing character: There is no æ®µ in font nullfont!
Missing character: There is no å° in font nullfont!
Missing character: There is no è‰º in font nullfont!
Missing character: There is no ã€ in font nullfont!
Missing character: There is no å² in font nullfont!
Missing character: There is no å…µ in font nullfont!
Missing character: There is no ç­‰ in font nullfont!
Missing character: There is no åŒ in font nullfont!
Missing character: There is no å­¦ in font nullfont!
Missing character: There is no ï¼Œ in font nullfont!
Missing character: There is no è¯» in font nullfont!
Missing character: There is no åš in font nullfont!
Missing character: There is no é˜¶ in font nullfont!
Missing character: There is no æ®µ in font nullfont!
Missing character: There is no ç¼º in font nullfont!
Missing character: There is no å°‘ in font nullfont!
Missing character: There is no ä¸ in font nullfont!
Missing character: There is no äº† in font nullfont!
Missing character: There is no ä½  in font nullfont!
Missing character: There is no ä»¬ in font nullfont!
Missing character: There is no çš„ in font nullfont!
Missing character: There is no æ”¯ in font nullfont!
Missing character: There is no æŒ in font nullfont!
Missing character: There is no ä¸ in font nullfont!
Missing character: There is no å¸® in font nullfont!
Missing character: There is no åŠ© in font nullfont!
Missing character: There is no ã€‚ in font nullfont!

Overfull \hbox (20.0pt too wide) in paragraph at lines 9--10
[] 
 []


! LaTeX Error: Missing \begin{document}.

See the LaTeX manual or LaTeX Companion for explanation.
Type  H <return>  for immediate help.
 ...                                              
                                                  
l.11 æœ€
        åï¼Œæ„Ÿè°¢çˆ¶æ¯è‚²æˆ‘æˆäººæ•™æˆ‘æˆé•¿ï¼Œæ„Ÿè°¢ä¸ˆå¤«ä¸€ç›´ä»¥æ...

You're in trouble here.  Try typing  <return>  to proceed.
If that doesn't work, type  X <return>  to quit.

Missing character: There is no æœ€ in font nullfont!
Missing character: There is no å in font nullfont!
Missing character: There is no ï¼Œ in font nullfont!
Missing character: There is no æ„Ÿ in font nullfont!
Missing character: There is no è°¢ in font nullfont!
Missing character: There is no çˆ¶ in font nullfont!
Missing character: There is no æ¯ in font nullfont!
Missing character: There is no è‚² in font nullfont!
Missing character: There is no æˆ‘ in font nullfont!
Missing character: There is no æˆ in font nullfont!
Missing character: There is no äºº in font nullfont!
Missing character: There is no æ•™ in font nullfont!
Missing character: There is no æˆ‘ in font nullfont!
Missing character: There is no æˆ in font nullfont!
Missing character: There is no é•¿ in font nullfont!
Missing character: There is no ï¼Œ in font nullfont!
Missing character: There is no æ„Ÿ in font nullfont!
Missing character: There is no è°¢ in font nullfont!
Missing character: There is no ä¸ˆ in font nullfont!
Missing character: There is no å¤« in font nullfont!
Missing character: There is no ä¸€ in font nullfont!
Missing character: There is no ç›´ in font nullfont!
Missing character: There is no ä»¥ in font nullfont!
Missing character: There is no æ¥ in font nullfont!
Missing character: There is no çš„ in font nullfont!
Missing character: There is no ç–¼ in font nullfont!
Missing character: There is no çˆ± in font nullfont!
Missing character: There is no ã€ in font nullfont!
Missing character: There is no ç† in font nullfont!
Missing character: There is no è§£ in font nullfont!
Missing character: There is no å’Œ in font nullfont!
Missing character: There is no æ”¯ in font nullfont!
Missing character: There is no æŒ in font nullfont!
Missing character: There is no ï¼Œ in font nullfont!
Missing character: There is no æ„Ÿ in font nullfont!
Missing character: There is no è°¢ in font nullfont!
Missing character: There is no çˆ¶ in font nullfont!
Missing character: There is no æ¯ in font nullfont!
Missing character: There is no å’Œ in font nullfont!
Missing character: There is no å…¬ in font nullfont!
Missing character: There is no å©† in font nullfont!
Missing character: There is no ä¸º in font nullfont!
Missing character: There is no æˆ‘ in font nullfont!
Missing character: There is no èƒ½ in font nullfont!
Missing character: There is no å®‰ in font nullfont!
Missing character: There is no å¿ƒ in font nullfont!
Missing character: There is no è¯» in font nullfont!
Missing character: There is no ä¹¦ in font nullfont!
Missing character: There is no æ‰€ in font nullfont!
Missing character: There is no åš in font nullfont!
Missing character: There is no çš„ in font nullfont!
Missing character: There is no åŠª in font nullfont!
Missing character: There is no åŠ› in font nullfont!
Missing character: There is no å’Œ in font nullfont!
Missing character: There is no ä»˜ in font nullfont!
Missing character: There is no å‡º in font nullfont!
Missing character: There is no ã€‚ in font nullfont!

Overfull \hbox (20.0pt too wide) in paragraph at lines 11--12
[] 
 []


! LaTeX Error: \begin{document} ended by \end{spacing}.

See the LaTeX manual or LaTeX Companion for explanation.
Type  H <return>  for immediate help.
 ...                                              
                                                  
l.14 \end{spacing}
                  
Your command was ignored.
Type  I <command> <return>  to replace it with another command,
or  <return>  to continue without it.


! LaTeX Error: Missing \begin{document}.

See the LaTeX manual or LaTeX Companion for explanation.
Type  H <return>  for immediate help.
 ...                                              
                                                  
l.15 \vspace{0.8cm} \hspace{9.8cm}
                                    ç‹ç§‘å¼º
You're in trouble here.  Try typing  <return>  to proceed.
If that doesn't work, type  X <return>  to quit.

Missing character: There is no ç‹ in font nullfont!
Missing character: There is no ç§‘ in font nullfont!
Missing character: There is no å¼º in font nullfont!

Overfull \hbox (20.0pt too wide) in paragraph at lines 15--16
[]
 []


! LaTeX Error: Missing \begin{document}.

See the LaTeX manual or LaTeX Companion for explanation.
Type  H <return>  for immediate help.
 ...                                              
                                                  
l.17 \hspace{9cm}
                   äºŒé›¶ä¸€å…­å¹´åä¸€æœˆ }
You're in trouble here.  Try typing  <return>  to proceed.
If that doesn't work, type  X <return>  to quit.

Missing character: There is no äºŒ in font nullfont!
Missing character: There is no é›¶ in font nullfont!
Missing character: There is no ä¸€ in font nullfont!
Missing character: There is no å…­ in font nullfont!
Missing character: There is no å¹´ in font nullfont!
Missing character: There is no å in font nullfont!
Missing character: There is no ä¸€ in font nullfont!
Missing character: There is no æœˆ in font nullfont!
)
! Emergency stop.
<*> D2-ACHNOWLEDGEMENT.tex
                          
*** (job aborted, no legal \end found)

 
Here is how much of TeX's memory you used:
 6 strings out of 493591
 103 string characters out of 6143545
 53754 words of memory out of 5000000
 3515 multiletter control sequences out of 15000+600000
 3640 words of font info for 14 fonts, out of 8000000 for 9000
 1347 hyphenation exceptions out of 8191
 6i,0n,6p,441b,25s stack positions out of 5000i,500n,10000p,200000b,80000s
No pages of output.
