This is XeTeX, Version 3.14159265-2.6-0.99996 (TeX Live 2016) (preloaded format=xelatex 2016.12.21)  21 MAR 2017 20:51
entering extended mode
 restricted \write18 enabled.
 %&-line parsing enabled.
**symbol.tex
(./symbol.tex
LaTeX2e <2016/03/31>
Babel <3.9r> and hyphenation patterns for 83 language(s) loaded.

! LaTeX Error: Missing \begin{document}.

See the LaTeX manual or LaTeX Companion for explanation.
Type  H <return>  for immediate help.
 ...                                              
                                                  
l.5 \begin{tabular}
                   {cp{0.68\columnwidth}}
You're in trouble here.  Try typing  <return>  to proceed.
If that doesn't work, type  X <return>  to quit.

LaTeX Font Info:    External font `cmex10' loaded for size
(Font)              <7> on input line 5.
LaTeX Font Info:    External font `cmex10' loaded for size
(Font)              <5> on input line 5.
Missing character: There is no ç¬¦ in font nullfont!
Missing character: There is no å· in font nullfont!
Missing character: There is no ç¬¦ in font nullfont!
Missing character: There is no å· in font nullfont!
Missing character: There is no æ in font nullfont!
Missing character: There is no è¿° in font nullfont!
! Undefined control sequence.
l.7 ^^I^^Iç¬¦å· & ç¬¦å·æè¿° \bigstrut
                                          \\
The control sequence at the end of the top line
of your error message was never \def'ed. If you have
misspelled it (e.g., `\hobx'), type `I' and the correct
spelling (e.g., `I\hbox'). Otherwise just continue,
and I'll forget about whatever was undefined.

Missing character: There is no ç”¨ in font nullfont!
Missing character: There is no æˆ· in font nullfont!
Missing character: There is no æ•° in font nullfont!
Missing character: There is no é‡ in font nullfont!
! Undefined control sequence.
l.9 ^^I^^I$N$  & ç”¨æˆ·æ•°é‡ \bigstrut
                                        \\
The control sequence at the end of the top line
of your error message was never \def'ed. If you have
misspelled it (e.g., `\hobx'), type `I' and the correct
spelling (e.g., `I\hbox'). Otherwise just continue,
and I'll forget about whatever was undefined.

Missing character: There is no å•† in font nullfont!
Missing character: There is no å“ in font nullfont!
Missing character: There is no æ•° in font nullfont!
Missing character: There is no é‡ in font nullfont!
! Undefined control sequence.
l.10 ^^I^^I$M$ & å•†å“æ•°é‡ \bigstrut
                                        \\
The control sequence at the end of the top line
of your error message was never \def'ed. If you have
misspelled it (e.g., `\hobx'), type `I' and the correct
spelling (e.g., `I\hbox'). Otherwise just continue,
and I'll forget about whatever was undefined.

Missing character: There is no æ ‡ in font nullfont!
Missing character: There is no ç­¾ in font nullfont!
Missing character: There is no æ•° in font nullfont!
Missing character: There is no é‡ in font nullfont!
! Undefined control sequence.
l.11 ^^I^^I$T$ & æ ‡ç­¾æ•°é‡ \bigstrut
                                        \\
The control sequence at the end of the top line
of your error message was never \def'ed. If you have
misspelled it (e.g., `\hobx'), type `I' and the correct
spelling (e.g., `I\hbox'). Otherwise just continue,
and I'll forget about whatever was undefined.

Missing character: There is no å±€ in font nullfont!
Missing character: There is no éƒ¨ in font nullfont!
Missing character: There is no éš in font nullfont!
Missing character: There is no è— in font nullfont!
Missing character: There is no ç‰¹ in font nullfont!
Missing character: There is no å¾ in font nullfont!
Missing character: There is no å‘ in font nullfont!
Missing character: There is no é‡ in font nullfont!
Missing character: There is no çš„ in font nullfont!
Missing character: There is no ç»´ in font nullfont!
Missing character: There is no åº¦ in font nullfont!
Missing character: There is no ( in font nullfont!
Missing character: There is no ) in font nullfont!
! Undefined control sequence.
l.12 ...å‘é‡çš„ç»´åº¦($\ll \min(N,M)$)\bigstrut
                                                  \\
The control sequence at the end of the top line
of your error message was never \def'ed. If you have
misspelled it (e.g., `\hobx'), type `I' and the correct
spelling (e.g., `I\hbox'). Otherwise just continue,
and I'll forget about whatever was undefined.


Overfull \hbox (10.00002pt too wide) in paragraph at lines 12--13
[]$\OMS/cmsy/m/n/10 ^^\
 []


Overfull \hbox (48.25pt too wide) in paragraph at lines 12--13
[]\OT1/cmr/m/n/10 (\OML/cmm/m/it/10 N; M\OT1/cmr/m/n/10 )$| 
 []

Missing character: There is no å­ in font nullfont!
Missing character: There is no çŸ© in font nullfont!
Missing character: There is no é˜µ in font nullfont!
Missing character: There is no çš„ in font nullfont!
Missing character: There is no ä¸ª in font nullfont!
Missing character: There is no æ•° in font nullfont!
Missing character: There is no æˆ– in font nullfont!
Missing character: There is no è€… in font nullfont!
Missing character: There is no æ˜¯ in font nullfont!
Missing character: There is no ä¸» in font nullfont!
Missing character: There is no é¢˜ in font nullfont!
Missing character: There is no æ¨¡ in font nullfont!
Missing character: There is no å‹ in font nullfont!
Missing character: There is no ä¸­ in font nullfont!
Missing character: There is no ä¸» in font nullfont!
Missing character: There is no é¢˜ in font nullfont!
Missing character: There is no ä¸ª in font nullfont!
Missing character: There is no æ•° in font nullfont!
! Undefined control sequence.
l.13 ...è€…æ˜¯ä¸»é¢˜æ¨¡å‹ä¸­ä¸»é¢˜ä¸ªæ•°\bigstrut
                                                  \\
The control sequence at the end of the top line
of your error message was never \def'ed. If you have
misspelled it (e.g., `\hobx'), type `I' and the correct
spelling (e.g., `I\hbox'). Otherwise just continue,
and I'll forget about whatever was undefined.

Missing character: There is no åŸ in font nullfont!
Missing character: There is no å§‹ in font nullfont!
Missing character: There is no æ•° in font nullfont!
Missing character: There is no æ® in font nullfont!
Missing character: There is no çŸ© in font nullfont!
Missing character: There is no é˜µ in font nullfont!
Missing character: There is no ï¼ˆ in font nullfont!
Missing character: There is no ç”¨ in font nullfont!
Missing character: There is no æˆ· in font nullfont!
Missing character: There is no ï¼Œ in font nullfont!
Missing character: There is no å•† in font nullfont!
Missing character: There is no å“ in font nullfont!
Missing character: There is no ï¼Œ in font nullfont!
Missing character: There is no æ¬¡ in font nullfont!
Missing character: There is no æ•° in font nullfont!
Missing character: There is no / in font nullfont!
Missing character: There is no è¯„ in font nullfont!
Missing character: There is no åˆ† in font nullfont!
Missing character: There is no ï¼‰ in font nullfont!
Missing character: There is no ( in font nullfont!
! Undefined control sequence.
l.15 ...å•†å“ï¼Œæ¬¡æ•°/è¯„åˆ†$>$ï¼‰ ($\in \mathbb
                                                  {R}^{N\times M}$) \bigstrut\\
The control sequence at the end of the top line
of your error message was never \def'ed. If you have
misspelled it (e.g., `\hobx'), type `I' and the correct
spelling (e.g., `I\hbox'). Otherwise just continue,
and I'll forget about whatever was undefined.

Missing character: There is no ) in font nullfont!
! Undefined control sequence.
l.15 ...‰ ($\in \mathbb{R}^{N\times M}$) \bigstrut
                                                  \\
The control sequence at the end of the top line
of your error message was never \def'ed. If you have
misspelled it (e.g., `\hobx'), type `I' and the correct
spelling (e.g., `I\hbox'). Otherwise just continue,
and I'll forget about whatever was undefined.


Overfull \hbox (15.5556pt too wide) in paragraph at lines 15--16
[]$\OML/cmm/m/it/10 <$$>$
 []


Overfull \hbox (6.66669pt too wide) in paragraph at lines 15--16
\OMS/cmsy/m/n/10 2
 []


Overfull \hbox (29.8813pt too wide) in paragraph at lines 15--16
\OML/cmm/m/it/10 R[]$| 
 []

Missing character: There is no æ•° in font nullfont!
Missing character: There is no æ® in font nullfont!
Missing character: There is no çŸ© in font nullfont!
Missing character: There is no é˜µ in font nullfont!
Missing character: There is no ä¸­ in font nullfont!
Missing character: There is no ç”¨ in font nullfont!
Missing character: There is no æˆ· in font nullfont!
Missing character: There is no ç´¢ in font nullfont!
Missing character: There is no å¼• in font nullfont!
Missing character: There is no é›† in font nullfont!
Missing character: There is no åˆ in font nullfont!
! Undefined control sequence.
l.16 ...¸­$\mathbf{R}$ç”¨æˆ·ç´¢å¼•é›†åˆ \bigstrut
                                                  \\
The control sequence at the end of the top line
of your error message was never \def'ed. If you have
misspelled it (e.g., `\hobx'), type `I' and the correct
spelling (e.g., `I\hbox'). Otherwise just continue,
and I'll forget about whatever was undefined.


Overfull \hbox (8.62495pt too wide) in paragraph at lines 16--17
[]$\OT1/cmr/bx/n/10 R$| 
 []

Missing character: There is no æ•° in font nullfont!
Missing character: There is no æ® in font nullfont!
Missing character: There is no çŸ© in font nullfont!
Missing character: There is no é˜µ in font nullfont!
Missing character: There is no ä¸­ in font nullfont!
Missing character: There is no å•† in font nullfont!
Missing character: There is no å“ in font nullfont!
Missing character: There is no ç´¢ in font nullfont!
Missing character: There is no å¼• in font nullfont!
Missing character: There is no é›† in font nullfont!
Missing character: There is no åˆ in font nullfont!
! Undefined control sequence.
l.17 ...¸­$\mathbf{R}$å•†å“ç´¢å¼•é›†åˆ \bigstrut
                                                  \\
The control sequence at the end of the top line
of your error message was never \def'ed. If you have
misspelled it (e.g., `\hobx'), type `I' and the correct
spelling (e.g., `I\hbox'). Otherwise just continue,
and I'll forget about whatever was undefined.


Overfull \hbox (8.62495pt too wide) in paragraph at lines 17--18
[]$\OT1/cmr/bx/n/10 R$| 
 []

Missing character: There is no æ•° in font nullfont!
Missing character: There is no æ® in font nullfont!
Missing character: There is no çŸ© in font nullfont!
Missing character: There is no é˜µ in font nullfont!
Missing character: There is no ä¸­ in font nullfont!
Missing character: There is no æ ‡ in font nullfont!
Missing character: There is no ç­¾ in font nullfont!
Missing character: There is no ç´¢ in font nullfont!
Missing character: There is no å¼• in font nullfont!
Missing character: There is no é›† in font nullfont!
Missing character: There is no åˆ in font nullfont!
! Undefined control sequence.
l.18 ...¸­$\mathbf{R}$æ ‡ç­¾ç´¢å¼•é›†åˆ \bigstrut
                                                  \\
The control sequence at the end of the top line
of your error message was never \def'ed. If you have
misspelled it (e.g., `\hobx'), type `I' and the correct
spelling (e.g., `I\hbox'). Otherwise just continue,
and I'll forget about whatever was undefined.


Overfull \hbox (8.62495pt too wide) in paragraph at lines 18--19
[]$\OT1/cmr/bx/n/10 R$| 
 []

Missing character: There is no åŸ in font nullfont!
Missing character: There is no å§‹ in font nullfont!
Missing character: There is no æ¬¡ in font nullfont!
Missing character: There is no æ•° in font nullfont!
Missing character: There is no æ•° in font nullfont!
Missing character: There is no æ® in font nullfont!
Missing character: There is no çŸ© in font nullfont!
Missing character: There is no é˜µ in font nullfont!
Missing character: There is no çš„ in font nullfont!
Missing character: There is no 0 in font nullfont!
Missing character: There is no 1 in font nullfont!
Missing character: There is no ï¼ˆ in font nullfont!
Missing character: There is no äºŒ in font nullfont!
Missing character: There is no å€¼ in font nullfont!
Missing character: There is no åŒ– in font nullfont!
Missing character: There is no ï¼‰ in font nullfont!
Missing character: There is no åŒ– in font nullfont!
Missing character: There is no æ•° in font nullfont!
Missing character: There is no æ® in font nullfont!
Missing character: There is no çŸ© in font nullfont!
Missing character: There is no é˜µ in font nullfont!
Missing character: There is no ( in font nullfont!
! Undefined control sequence.
l.20 ...ˆäºŒå€¼åŒ–ï¼‰åŒ–æ•°æ®çŸ©é˜µ ($\in \mathbb
                                                  {R}^{N\times M}$)   \bigst...
The control sequence at the end of the top line
of your error message was never \def'ed. If you have
misspelled it (e.g., `\hobx'), type `I' and the correct
spelling (e.g., `I\hbox'). Otherwise just continue,
and I'll forget about whatever was undefined.

Missing character: There is no ) in font nullfont!
! Undefined control sequence.
l.20 ...($\in \mathbb{R}^{N\times M}$)   \bigstrut
                                                  \\
The control sequence at the end of the top line
of your error message was never \def'ed. If you have
misspelled it (e.g., `\hobx'), type `I' and the correct
spelling (e.g., `I\hbox'). Otherwise just continue,
and I'll forget about whatever was undefined.


Overfull \hbox (8.62495pt too wide) in paragraph at lines 20--21
[]$\OT1/cmr/bx/n/10 R$
 []


Overfull \hbox (6.66669pt too wide) in paragraph at lines 20--21
\OMS/cmsy/m/n/10 2
 []


Overfull \hbox (29.8813pt too wide) in paragraph at lines 20--21
\OML/cmm/m/it/10 R[]$| 
 []

Missing character: There is no æ•° in font nullfont!
Missing character: There is no æ® in font nullfont!
Missing character: There is no çŸ© in font nullfont!
Missing character: There is no é˜µ in font nullfont!
Missing character: There is no çš„ in font nullfont!
Missing character: There is no ç½® in font nullfont!
Missing character: There is no ä¿¡ in font nullfont!
Missing character: There is no æƒ in font nullfont!
Missing character: There is no é‡ in font nullfont!
Missing character: There is no çŸ© in font nullfont!
Missing character: There is no é˜µ in font nullfont!
! Undefined control sequence.
l.21 ...æ•°æ®çŸ©é˜µçš„ç½®ä¿¡æƒé‡çŸ©é˜µ\bigstrut
                                                  \\
The control sequence at the end of the top line
of your error message was never \def'ed. If you have
misspelled it (e.g., `\hobx'), type `I' and the correct
spelling (e.g., `I\hbox'). Otherwise just continue,
and I'll forget about whatever was undefined.

Missing character: There is no ç”¨ in font nullfont!
Missing character: There is no æˆ· in font nullfont!
Missing character: There is no çš„ in font nullfont!
Missing character: There is no éš in font nullfont!
Missing character: There is no è— in font nullfont!
Missing character: There is no ç‰¹ in font nullfont!
Missing character: There is no å¾ in font nullfont!
Missing character: There is no å‘ in font nullfont!
Missing character: There is no é‡ in font nullfont!
! Undefined control sequence.
l.23 ...$  & ç”¨æˆ·çš„éšè—ç‰¹å¾å‘é‡ \bigstrut
                                                  \\
The control sequence at the end of the top line
of your error message was never \def'ed. If you have
misspelled it (e.g., `\hobx'), type `I' and the correct
spelling (e.g., `I\hbox'). Otherwise just continue,
and I'll forget about whatever was undefined.

Missing character: There is no å•† in font nullfont!
Missing character: There is no å“ in font nullfont!
Missing character: There is no çš„ in font nullfont!
Missing character: There is no éš in font nullfont!
Missing character: There is no è— in font nullfont!
Missing character: There is no ç‰¹ in font nullfont!
Missing character: There is no å¾ in font nullfont!
Missing character: There is no å‘ in font nullfont!
Missing character: There is no é‡ in font nullfont!
! Undefined control sequence.
l.24 ...$  & å•†å“çš„éšè—ç‰¹å¾å‘é‡ \bigstrut
                                                  \\
The control sequence at the end of the top line
of your error message was never \def'ed. If you have
misspelled it (e.g., `\hobx'), type `I' and the correct
spelling (e.g., `I\hbox'). Otherwise just continue,
and I'll forget about whatever was undefined.

Missing character: There is no ä¸ in font nullfont!
Missing character: There is no ç”¨ in font nullfont!
Missing character: There is no æˆ· in font nullfont!
Missing character: There is no å¯¹ in font nullfont!
Missing character: There is no åº” in font nullfont!
Missing character: There is no çš„ in font nullfont!
Missing character: There is no æ ‡ in font nullfont!
Missing character: There is no ç­¾ in font nullfont!
Missing character: There is no éš in font nullfont!
Missing character: There is no è— in font nullfont!
Missing character: There is no ç‰¹ in font nullfont!
Missing character: There is no å¾ in font nullfont!
Missing character: There is no å‘ in font nullfont!
Missing character: There is no é‡ in font nullfont!
! Undefined control sequence.
l.25 ...¯¹åº”çš„æ ‡ç­¾éšè—ç‰¹å¾å‘é‡ \bigstrut
                                                  \\
The control sequence at the end of the top line
of your error message was never \def'ed. If you have
misspelled it (e.g., `\hobx'), type `I' and the correct
spelling (e.g., `I\hbox'). Otherwise just continue,
and I'll forget about whatever was undefined.

Missing character: There is no ä¸ in font nullfont!
Missing character: There is no å•† in font nullfont!
Missing character: There is no å“ in font nullfont!
Missing character: There is no å¯¹ in font nullfont!
Missing character: There is no åº” in font nullfont!
Missing character: There is no çš„ in font nullfont!
Missing character: There is no æ ‡ in font nullfont!
Missing character: There is no ç­¾ in font nullfont!
Missing character: There is no éš in font nullfont!
Missing character: There is no è— in font nullfont!
Missing character: There is no ç‰¹ in font nullfont!
Missing character: There is no å¾ in font nullfont!
Missing character: There is no å‘ in font nullfont!
Missing character: There is no é‡ in font nullfont!
! Undefined control sequence.
l.26 ...¯¹åº”çš„æ ‡ç­¾éšè—ç‰¹å¾å‘é‡ \bigstrut
                                                  \\
The control sequence at the end of the top line
of your error message was never \def'ed. If you have
misspelled it (e.g., `\hobx'), type `I' and the correct
spelling (e.g., `I\hbox'). Otherwise just continue,
and I'll forget about whatever was undefined.

Missing character: There is no ç¬¬ in font nullfont!
Missing character: There is no ä¸ª in font nullfont!
Missing character: There is no å­ in font nullfont!
Missing character: There is no æ•° in font nullfont!
Missing character: There is no æ® in font nullfont!
Missing character: There is no çŸ© in font nullfont!
Missing character: There is no é˜µ in font nullfont!
! Undefined control sequence.
l.28 ...R}^h$ & ç¬¬$h$ä¸ªå­æ•°æ®çŸ©é˜µ \bigstrut
                                                  \\
The control sequence at the end of the top line
of your error message was never \def'ed. If you have
misspelled it (e.g., `\hobx'), type `I' and the correct
spelling (e.g., `I\hbox'). Otherwise just continue,
and I'll forget about whatever was undefined.


Overfull \hbox (5.76158pt too wide) in paragraph at lines 28--29
[]$\OML/cmm/m/it/10 h$| 
 []

Missing character: There is no ç¬¬ in font nullfont!
Missing character: There is no ä¸ª in font nullfont!
Missing character: There is no 0 in font nullfont!
Missing character: There is no 1 in font nullfont!
Missing character: There is no ï¼ˆ in font nullfont!
Missing character: There is no äºŒ in font nullfont!
Missing character: There is no å€¼ in font nullfont!
Missing character: There is no åŒ– in font nullfont!
Missing character: There is no ï¼‰ in font nullfont!
Missing character: There is no åŒ– in font nullfont!
Missing character: There is no å­ in font nullfont!
Missing character: There is no æ•° in font nullfont!
Missing character: There is no æ® in font nullfont!
Missing character: There is no çŸ© in font nullfont!
Missing character: There is no é˜µ in font nullfont!
! Undefined control sequence.
l.29 ...ˆäºŒå€¼åŒ–ï¼‰åŒ–å­æ•°æ®çŸ©é˜µ  \bigstrut
                                                  \\
The control sequence at the end of the top line
of your error message was never \def'ed. If you have
misspelled it (e.g., `\hobx'), type `I' and the correct
spelling (e.g., `I\hbox'). Otherwise just continue,
and I'll forget about whatever was undefined.


Overfull \hbox (5.76158pt too wide) in paragraph at lines 29--30
[]$\OML/cmm/m/it/10 h$| 
 []

Missing character: There is no 0 in font nullfont!
Missing character: There is no 1 in font nullfont!
Missing character: There is no ï¼ˆ in font nullfont!
Missing character: There is no äºŒ in font nullfont!
Missing character: There is no å€¼ in font nullfont!
Missing character: There is no åŒ– in font nullfont!
Missing character: There is no ï¼‰ in font nullfont!
Missing character: There is no åŒ– in font nullfont!
Missing character: There is no å­ in font nullfont!
Missing character: There is no æ•° in font nullfont!
Missing character: There is no æ® in font nullfont!
Missing character: There is no çŸ© in font nullfont!
Missing character: There is no é˜µ in font nullfont!
Missing character: There is no çš„ in font nullfont!
Missing character: There is no ç½® in font nullfont!
Missing character: There is no ä¿¡ in font nullfont!
Missing character: There is no æƒ in font nullfont!
Missing character: There is no é‡ in font nullfont!
Missing character: There is no çŸ© in font nullfont!
Missing character: There is no é˜µ in font nullfont!
! Undefined control sequence.
l.30 ...mathbf{C}^h$çš„ç½®ä¿¡æƒé‡çŸ©é˜µ\bigstrut
                                                  \\
The control sequence at the end of the top line
of your error message was never \def'ed. If you have
misspelled it (e.g., `\hobx'), type `I' and the correct
spelling (e.g., `I\hbox'). Otherwise just continue,
and I'll forget about whatever was undefined.


Overfull \hbox (13.48726pt too wide) in paragraph at lines 30--31
[]$\OT1/cmr/bx/n/10 C[]$| 
 []

Missing character: There is no 0 in font nullfont!
Missing character: There is no 1 in font nullfont!
Missing character: There is no ï¼ˆ in font nullfont!
Missing character: There is no äºŒ in font nullfont!
Missing character: There is no å€¼ in font nullfont!
Missing character: There is no åŒ– in font nullfont!
Missing character: There is no ï¼‰ in font nullfont!
Missing character: There is no åŒ– in font nullfont!
Missing character: There is no å­ in font nullfont!
Missing character: There is no æ•° in font nullfont!
Missing character: There is no æ® in font nullfont!
Missing character: There is no çŸ© in font nullfont!
Missing character: There is no é˜µ in font nullfont!
Missing character: There is no çš„ in font nullfont!
Missing character: There is no å­ in font nullfont!
Missing character: There is no çŸ© in font nullfont!
Missing character: There is no é˜µ in font nullfont!
Missing character: There is no æƒ in font nullfont!
Missing character: There is no é‡ in font nullfont!
Missing character: There is no çŸ© in font nullfont!
Missing character: There is no é˜µ in font nullfont!
! Undefined control sequence.
l.31 ...çŸ©é˜µæƒé‡çŸ©é˜µ$ \mathbf{C}^h$\bigstrut
                                                  \\
The control sequence at the end of the top line
of your error message was never \def'ed. If you have
misspelled it (e.g., `\hobx'), type `I' and the correct
spelling (e.g., `I\hbox'). Otherwise just continue,
and I'll forget about whatever was undefined.


Overfull \hbox (26.97452pt too wide) in paragraph at lines 31--32
[]$\OT1/cmr/bx/n/10 C[]$$C[]$| 
 []

Missing character: There is no æ•° in font nullfont!
Missing character: There is no æ® in font nullfont!
Missing character: There is no å­ in font nullfont!
Missing character: There is no çŸ© in font nullfont!
Missing character: There is no é˜µ in font nullfont!
Missing character: There is no ä¸­ in font nullfont!
Missing character: There is no ç”¨ in font nullfont!
Missing character: There is no æˆ· in font nullfont!
Missing character: There is no ç´¢ in font nullfont!
Missing character: There is no å¼• in font nullfont!
Missing character: There is no é›† in font nullfont!
Missing character: There is no åˆ in font nullfont!
Missing character: There is no ï¼Œ in font nullfont!
Missing character: There is no å•† in font nullfont!
Missing character: There is no å“ in font nullfont!
Missing character: There is no ç´¢ in font nullfont!
Missing character: There is no å¼• in font nullfont!
Missing character: There is no é›† in font nullfont!
Missing character: There is no åˆ in font nullfont!
! Undefined control sequence.
l.32 ...´¢å¼•é›†åˆï¼Œå•†å“ç´¢å¼•é›†åˆ \bigstrut
                                                  \\
The control sequence at the end of the top line
of your error message was never \def'ed. If you have
misspelled it (e.g., `\hobx'), type `I' and the correct
spelling (e.g., `I\hbox'). Otherwise just continue,
and I'll forget about whatever was undefined.

Missing character: There is no å­ in font nullfont!
Missing character: There is no æ•° in font nullfont!
Missing character: There is no æ® in font nullfont!
Missing character: There is no çŸ© in font nullfont!
Missing character: There is no é˜µ in font nullfont!
Missing character: There is no ä¸­ in font nullfont!
Missing character: There is no ç¬¬ in font nullfont!
Missing character: There is no ä¸ª in font nullfont!
Missing character: There is no ç”¨ in font nullfont!
Missing character: There is no æˆ· in font nullfont!
Missing character: There is no å±€ in font nullfont!
Missing character: There is no éƒ¨ in font nullfont!
Missing character: There is no éš in font nullfont!
Missing character: There is no è— in font nullfont!
Missing character: There is no å‘ in font nullfont!
Missing character: There is no é‡ in font nullfont!
Missing character: There is no å’Œ in font nullfont!
Missing character: There is no ä¸ª in font nullfont!
Missing character: There is no å•† in font nullfont!
Missing character: There is no å“ in font nullfont!
Missing character: There is no å±€ in font nullfont!
Missing character: There is no éƒ¨ in font nullfont!
Missing character: There is no éš in font nullfont!
Missing character: There is no è— in font nullfont!
Missing character: There is no å‘ in font nullfont!
Missing character: There is no é‡ in font nullfont!
Missing character: There is no ( in font nullfont!
! Undefined control sequence.
l.33 ...m$ä¸ªå•†å“å±€éƒ¨éšè—å‘é‡($\in \mathbb
                                                  {R}^K$)  \bigstrut\\
The control sequence at the end of the top line
of your error message was never \def'ed. If you have
misspelled it (e.g., `\hobx'), type `I' and the correct
spelling (e.g., `I\hbox'). Otherwise just continue,
and I'll forget about whatever was undefined.

Missing character: There is no ) in font nullfont!
! Undefined control sequence.
l.33 ...šè—å‘é‡($\in \mathbb{R}^K$)  \bigstrut
                                                  \\
The control sequence at the end of the top line
of your error message was never \def'ed. If you have
misspelled it (e.g., `\hobx'), type `I' and the correct
spelling (e.g., `I\hbox'). Otherwise just continue,
and I'll forget about whatever was undefined.


Overfull \hbox (34.82819pt too wide) in paragraph at lines 33--34
[]$\OMS/cmsy/m/n/10 R[]$$\OML/cmm/m/it/10 u$$m$$\OMS/cmsy/m/n/10 2
 []


Overfull \hbox (15.37991pt too wide) in paragraph at lines 33--34
\OML/cmm/m/it/10 R[]$| 
 []

Missing character: There is no æ•° in font nullfont!
Missing character: There is no æ® in font nullfont!
Missing character: There is no ç‚¹ in font nullfont!
Missing character: There is no é›† in font nullfont!
Missing character: There is no åˆ in font nullfont!
Missing character: There is no ï¼ˆ in font nullfont!
Missing character: There is no ç”¨ in font nullfont!
Missing character: There is no æˆ· in font nullfont!
Missing character: There is no - in font nullfont!
Missing character: There is no å•† in font nullfont!
Missing character: There is no å“ in font nullfont!
Missing character: There is no è®° in font nullfont!
Missing character: There is no å½• in font nullfont!
Missing character: There is no å¯¹ in font nullfont!
Missing character: There is no é›† in font nullfont!
Missing character: There is no åˆ in font nullfont!
Missing character: There is no ï¼Œ in font nullfont!
Missing character: There is no ä¸ in font nullfont!
Missing character: There is no åŒ… in font nullfont!
Missing character: There is no å« in font nullfont!
Missing character: There is no ç”¨ in font nullfont!
Missing character: There is no æˆ· in font nullfont!
Missing character: There is no æœª in font nullfont!
Missing character: There is no å‘ in font nullfont!
Missing character: There is no ç° in font nullfont!
Missing character: There is no å•† in font nullfont!
Missing character: There is no å“ in font nullfont!
Missing character: There is no çš„ in font nullfont!
Missing character: There is no æƒ… in font nullfont!
Missing character: There is no å†µ in font nullfont!
Missing character: There is no ï¼‰ in font nullfont!
! Undefined control sequence.
l.35 ...”¨æˆ·æœªå‘ç°å•†å“çš„æƒ…å†µï¼‰ \bigstrut
                                                  \\
The control sequence at the end of the top line
of your error message was never \def'ed. If you have
misspelled it (e.g., `\hobx'), type `I' and the correct
spelling (e.g., `I\hbox'). Otherwise just continue,
and I'll forget about whatever was undefined.

Missing character: There is no æ•° in font nullfont!
Missing character: There is no æ® in font nullfont!
Missing character: There is no ç‚¹ in font nullfont!
Missing character: There is no ( in font nullfont!
Missing character: There is no ç”¨ in font nullfont!
Missing character: There is no æˆ· in font nullfont!
Missing character: There is no - in font nullfont!
Missing character: There is no å•† in font nullfont!
Missing character: There is no å“ in font nullfont!
Missing character: There is no è®° in font nullfont!
Missing character: There is no å½• in font nullfont!
Missing character: There is no å¯¹ in font nullfont!
Missing character: There is no , in font nullfont!
Missing character: There is no ) in font nullfont!
! Undefined control sequence.
l.36 ...è®°å½•å¯¹, $\in \mathcal{A}$)   \bigstrut
                                                  \\
The control sequence at the end of the top line
of your error message was never \def'ed. If you have
misspelled it (e.g., `\hobx'), type `I' and the correct
spelling (e.g., `I\hbox'). Otherwise just continue,
and I'll forget about whatever was undefined.


Overfull \hbox (33.3855pt too wide) in paragraph at lines 36--37
\OMS/cmsy/m/n/10 h\OML/cmm/m/it/10 u[]; m[]\OMS/cmsy/m/n/10 i$
 []


Overfull \hbox (6.66669pt too wide) in paragraph at lines 36--37
\OMS/cmsy/m/n/10 2
 []


Overfull \hbox (7.98471pt too wide) in paragraph at lines 36--37
\OMS/cmsy/m/n/10 A$| 
 []

Missing character: There is no é”š in font nullfont!
Missing character: There is no ç‚¹ in font nullfont!
Missing character: There is no é›† in font nullfont!
Missing character: There is no åˆ in font nullfont!
Missing character: There is no ( in font nullfont!
Missing character: There is no ) in font nullfont!
! Undefined control sequence.
l.37 ...ç‚¹é›†åˆ($\subset \mathcal{A}$) \bigstrut
                                                  \\
The control sequence at the end of the top line
of your error message was never \def'ed. If you have
misspelled it (e.g., `\hobx'), type `I' and the correct
spelling (e.g., `I\hbox'). Otherwise just continue,
and I'll forget about whatever was undefined.


Overfull \hbox (7.7778pt too wide) in paragraph at lines 37--38
[]$\OMS/cmsy/m/n/10 ^^Z
 []


Overfull \hbox (7.98471pt too wide) in paragraph at lines 37--38
\OMS/cmsy/m/n/10 A$| 
 []

Missing character: There is no é”š in font nullfont!
Missing character: There is no ç‚¹ in font nullfont!
Missing character: There is no ( in font nullfont!
Missing character: There is no ) in font nullfont!
! Undefined control sequence.
l.38 ...ç‚¹  ($\in \mathcal{\hat{A}}$)   \bigstrut
                                                  \\
The control sequence at the end of the top line
of your error message was never \def'ed. If you have
misspelled it (e.g., `\hobx'), type `I' and the correct
spelling (e.g., `I\hbox'). Otherwise just continue,
and I'll forget about whatever was undefined.


Overfull \hbox (6.66669pt too wide) in paragraph at lines 38--39
\OMS/cmsy/m/n/10 2
 []


Overfull \hbox (7.98471pt too wide) in paragraph at lines 38--39
[]$| 
 []

Missing character: There is no ä¸¤ in font nullfont!
Missing character: There is no ä¸ª in font nullfont!
Missing character: There is no æ•° in font nullfont!
Missing character: There is no æ® in font nullfont!
Missing character: There is no ç‚¹ in font nullfont!
Missing character: There is no ä¹‹ in font nullfont!
Missing character: There is no é—´ in font nullfont!
Missing character: There is no çš„ in font nullfont!
Missing character: There is no æ ¸ in font nullfont!
Missing character: There is no å‡½ in font nullfont!
Missing character: There is no æ•° in font nullfont!
Missing character: There is no å€¼ in font nullfont!
! Undefined control sequence.
l.39 ...¸ªæ•°æ®ç‚¹ä¹‹é—´çš„æ ¸å‡½æ•°å€¼ \bigstrut
                                                  \\
The control sequence at the end of the top line
of your error message was never \def'ed. If you have
misspelled it (e.g., `\hobx'), type `I' and the correct
spelling (e.g., `I\hbox'). Otherwise just continue,
and I'll forget about whatever was undefined.

Missing character: There is no ( in font nullfont!
Missing character: There is no ) in font nullfont!
Missing character: There is no æ•° in font nullfont!
Missing character: There is no æ® in font nullfont!
Missing character: There is no ç‚¹ in font nullfont!
Missing character: There is no ä¸Š in font nullfont!
Missing character: There is no åˆ† in font nullfont!
Missing character: There is no é… in font nullfont!
Missing character: There is no çš„ in font nullfont!
Missing character: There is no ä¸» in font nullfont!
Missing character: There is no é¢˜ in font nullfont!
! Undefined control sequence.
l.40 ...gle u,m\rangle$ä¸Šåˆ†é…çš„ä¸»é¢˜\bigstrut
                                                   \\
The control sequence at the end of the top line
of your error message was never \def'ed. If you have
misspelled it (e.g., `\hobx'), type `I' and the correct
spelling (e.g., `I\hbox'). Otherwise just continue,
and I'll forget about whatever was undefined.


Overfull \hbox (14.00064pt too wide) in paragraph at lines 40--41
[]$\OML/cmm/m/it/10 i \OT1/cmr/m/n/10 =
 []


Overfull \hbox (26.72693pt too wide) in paragraph at lines 40--41
\OMS/cmsy/m/n/10 h\OML/cmm/m/it/10 u; m\OMS/cmsy/m/n/10 i$| 
 []

Missing character: There is no ç¬¬ in font nullfont!
Missing character: There is no ä¸ª in font nullfont!
Missing character: There is no ç”¨ in font nullfont!
Missing character: There is no æˆ· in font nullfont!
Missing character: There is no çš„ in font nullfont!
Missing character: There is no ä¸» in font nullfont!
Missing character: There is no é¢˜ in font nullfont!
Missing character: There is no åˆ† in font nullfont!
Missing character: There is no å¸ƒ in font nullfont!
Missing character: There is no ( in font nullfont!
! Undefined control sequence.
l.42 ...¬¬$u$ä¸ªç”¨æˆ·çš„ä¸»é¢˜åˆ†å¸ƒ($\in \mathbb
                                                  {R}^K$) \bigstrut\\
The control sequence at the end of the top line
of your error message was never \def'ed. If you have
misspelled it (e.g., `\hobx'), type `I' and the correct
spelling (e.g., `I\hbox'). Otherwise just continue,
and I'll forget about whatever was undefined.

Missing character: There is no ) in font nullfont!
! Undefined control sequence.
l.42 ...ä¸»é¢˜åˆ†å¸ƒ($\in \mathbb{R}^K$) \bigstrut
                                                  \\
The control sequence at the end of the top line
of your error message was never \def'ed. If you have
misspelled it (e.g., `\hobx'), type `I' and the correct
spelling (e.g., `I\hbox'). Otherwise just continue,
and I'll forget about whatever was undefined.


Overfull \hbox (12.39127pt too wide) in paragraph at lines 42--43
[]$\OML/cmm/m/it/10 u$$\OMS/cmsy/m/n/10 2
 []


Overfull \hbox (15.37991pt too wide) in paragraph at lines 42--43
\OML/cmm/m/it/10 R[]$| 
 []

Missing character: There is no ç¬¬ in font nullfont!
Missing character: There is no ä¸ª in font nullfont!
Missing character: There is no ä¸» in font nullfont!
Missing character: There is no é¢˜ in font nullfont!
Missing character: There is no ä¸Š in font nullfont!
Missing character: There is no çš„ in font nullfont!
Missing character: There is no å•† in font nullfont!
Missing character: There is no å“ in font nullfont!
Missing character: There is no åˆ† in font nullfont!
Missing character: There is no å¸ƒ in font nullfont!
Missing character: There is no ( in font nullfont!
! Undefined control sequence.
l.43 ...k$ä¸ªä¸»é¢˜ä¸Šçš„å•†å“åˆ†å¸ƒ($\in \mathbb
                                                  {R}^M$) \bigstrut\\
The control sequence at the end of the top line
of your error message was never \def'ed. If you have
misspelled it (e.g., `\hobx'), type `I' and the correct
spelling (e.g., `I\hbox'). Otherwise just continue,
and I'll forget about whatever was undefined.

Missing character: There is no ) in font nullfont!
! Undefined control sequence.
l.43 ...å•†å“åˆ†å¸ƒ($\in \mathbb{R}^M$) \bigstrut
                                                  \\
The control sequence at the end of the top line
of your error message was never \def'ed. If you have
misspelled it (e.g., `\hobx'), type `I' and the correct
spelling (e.g., `I\hbox'). Otherwise just continue,
and I'll forget about whatever was undefined.


Overfull \hbox (12.18753pt too wide) in paragraph at lines 43--44
[]$\OML/cmm/m/it/10 k$$\OMS/cmsy/m/n/10 2
 []


Overfull \hbox (16.54655pt too wide) in paragraph at lines 43--44
\OML/cmm/m/it/10 R[]$| 
 []

Missing character: There is no ä¸» in font nullfont!
Missing character: There is no é¢˜ in font nullfont!
Missing character: There is no æ¨¡ in font nullfont!
Missing character: There is no å‹ in font nullfont!
Missing character: There is no ä¸Š in font nullfont!
Missing character: There is no ä¸» in font nullfont!
Missing character: There is no é¢˜ in font nullfont!
Missing character: There is no åˆ† in font nullfont!
Missing character: There is no å¸ƒ in font nullfont!
Missing character: There is no çš„ in font nullfont!
Missing character: There is no ç‹„ in font nullfont!
Missing character: There is no åˆ© in font nullfont!
Missing character: There is no å…‹ in font nullfont!
Missing character: There is no é›· in font nullfont!
Missing character: There is no å…ˆ in font nullfont!
Missing character: There is no éªŒ in font nullfont!
Missing character: There is no å‚ in font nullfont!
Missing character: There is no æ•° in font nullfont!
! Undefined control sequence.
l.44 ...åˆ†å¸ƒçš„ç‹„åˆ©å…‹é›·å…ˆéªŒå‚æ•°\bigstrut
                                                   \\
The control sequence at the end of the top line
of your error message was never \def'ed. If you have
misspelled it (e.g., `\hobx'), type `I' and the correct
spelling (e.g., `I\hbox'). Otherwise just continue,
and I'll forget about whatever was undefined.

Missing character: There is no ä¸» in font nullfont!
Missing character: There is no é¢˜ in font nullfont!
Missing character: There is no æ¨¡ in font nullfont!
Missing character: There is no å‹ in font nullfont!
Missing character: There is no ä¸Š in font nullfont!
Missing character: There is no å•† in font nullfont!
Missing character: There is no å“ in font nullfont!
Missing character: There is no åˆ† in font nullfont!
Missing character: There is no å¸ƒ in font nullfont!
Missing character: There is no çš„ in font nullfont!
Missing character: There is no ç‹„ in font nullfont!
Missing character: There is no åˆ© in font nullfont!
Missing character: There is no å…‹ in font nullfont!
Missing character: There is no é›· in font nullfont!
Missing character: There is no å…ˆ in font nullfont!
Missing character: There is no éªŒ in font nullfont!
Missing character: There is no å‚ in font nullfont!
Missing character: There is no æ•° in font nullfont!
! Undefined control sequence.
l.45 ...åˆ†å¸ƒçš„ç‹„åˆ©å…‹é›·å…ˆéªŒå‚æ•°\bigstrut
                                                  \\
The control sequence at the end of the top line
of your error message was never \def'ed. If you have
misspelled it (e.g., `\hobx'), type `I' and the correct
spelling (e.g., `I\hbox'). Otherwise just continue,
and I'll forget about whatever was undefined.

Missing character: There is no æ¦‚ in font nullfont!
Missing character: There is no ç‡ in font nullfont!
Missing character: There is no çŸ© in font nullfont!
Missing character: There is no é˜µ in font nullfont!
Missing character: There is no åˆ† in font nullfont!
Missing character: There is no è§£ in font nullfont!
Missing character: There is no ä¸Š in font nullfont!
Missing character: There is no é«˜ in font nullfont!
Missing character: There is no æ–¯ in font nullfont!
Missing character: There is no å…ˆ in font nullfont!
Missing character: There is no éªŒ in font nullfont!
Missing character: There is no çš„ in font nullfont!
Missing character: There is no G in font nullfont!
Missing character: There is no a in font nullfont!
Missing character: There is no u in font nullfont!
Missing character: There is no s in font nullfont!
Missing character: There is no s in font nullfont!
Missing character: There is no i in font nullfont!
Missing character: There is no a in font nullfont!
Missing character: There is no n in font nullfont!
Missing character: There is no - in font nullfont!
Missing character: There is no W in font nullfont!
Missing character: There is no i in font nullfont!
Missing character: There is no s in font nullfont!
Missing character: There is no h in font nullfont!
Missing character: There is no a in font nullfont!
Missing character: There is no r in font nullfont!
Missing character: There is no t in font nullfont!
Missing character: There is no å…ˆ in font nullfont!
Missing character: There is no éªŒ in font nullfont!
Missing character: There is no å‚ in font nullfont!
Missing character: There is no æ•° in font nullfont!
! Undefined control sequence.
l.46 ...Œçš„Gaussian-Wishartå…ˆéªŒå‚æ•° \bigstrut
                                                  \\
The control sequence at the end of the top line
of your error message was never \def'ed. If you have
misspelled it (e.g., `\hobx'), type `I' and the correct
spelling (e.g., `I\hbox'). Otherwise just continue,
and I'll forget about whatever was undefined.


! LaTeX Error: \begin{document} ended by \end{table}.

See the LaTeX manual or LaTeX Companion for explanation.
Type  H <return>  for immediate help.
 ...                                              
                                                  
l.49 \end{table}
                
Your command was ignored.
Type  I <command> <return>  to replace it with another command,
or  <return>  to continue without it.

! Extra \endgroup.
<recently read> \endgroup 
                          
l.49 \end{table}
                
Things are pretty mixed up, but I think the worst is over.


Overfull \hbox (80.89128pt too wide) in paragraph at lines 5--50
[][]
 []


! LaTeX Error: The font size command \normalsize is not defined:
               there is probably something wrong with the class file.

See the LaTeX manual or LaTeX Companion for explanation.
Type  H <return>  for immediate help.
 ...                                              
                                                  
l.52 \clearpage
               
Your command was ignored.
Type  I <command> <return>  to replace it with another command,
or  <return>  to continue without it.

[1]
Missing character: There is no s in font nullfont!


! LaTeX Error: The font size command \normalsize is not defined:
               there is probably something wrong with the class file.

See the LaTeX manual or LaTeX Companion for explanation.
Type  H <return>  for immediate help.
 ...                                              
                                                  
l.54 \clearpage
               
Your command was ignored.
Type  I <command> <return>  to replace it with another command,
or  <return>  to continue without it.

[2

])
! Emergency stop.
<*> symbol.tex
              
*** (job aborted, no legal \end found)

 
Here is how much of TeX's memory you used:
 14 strings out of 493591
 141 string characters out of 6143545
 59754 words of memory out of 5000000
 3520 multiletter control sequences out of 15000+600000
 4567 words of font info for 17 fonts, out of 8000000 for 9000
 1347 hyphenation exceptions out of 8191
 19i,11n,16p,148b,126s stack positions out of 5000i,500n,10000p,200000b,80000s
Output written on symbol.pdf (2 pages).
