\BOOKMARK [0][-]{chapter.1}{\376\377\176\352\213\272}{}% 1
\BOOKMARK [1][-]{section.1.1}{\376\377\170\024\172\166\200\314\146\157}{chapter.1}% 2
\BOOKMARK [1][-]{section.1.2}{\376\377\170\024\172\166\121\205\133\271\116\016\143\021\142\030}{chapter.1}% 3
\BOOKMARK [1][-]{section.1.3}{\376\377\116\073\211\201\215\041\163\056}{chapter.1}% 4
\BOOKMARK [1][-]{section.1.4}{\376\377\172\340\202\202\133\211\143\222}{chapter.1}% 5
\BOOKMARK [0][-]{chapter.2}{\376\377\225\356\230\230\133\232\116\111\123\312\170\024\172\166\163\260\162\266}{}% 6
\BOOKMARK [1][-]{section.2.1}{\376\377\225\356\230\230\133\232\116\111}{chapter.2}% 7
\BOOKMARK [2][-]{subsection.2.1.1}{\376\377\217\150\217\371\145\160\143\156}{section.2.1}% 8
\BOOKMARK [2][-]{subsection.2.1.2}{\376\377\122\006\136\003\137\017\000k\217\321\220\273\217\150\217\371\147\345\213\342}{section.2.1}% 9
\BOOKMARK [1][-]{section.2.2}{\376\377\217\150\217\371\175\042\137\025}{chapter.2}% 10
\BOOKMARK [1][-]{section.2.3}{\376\377\217\150\217\371\226\115\176\364}{chapter.2}% 11
\BOOKMARK [1][-]{section.2.4}{\376\377\217\150\217\371\166\370\117\074\136\246\136\246\221\317}{chapter.2}% 12
\BOOKMARK [1][-]{section.2.5}{\376\377\145\366\225\364\136\217\122\027\000t\000o\000p\000-\000k\147\345\213\342}{chapter.2}% 13
\BOOKMARK [0][-]{chapter.3}{\376\377\147\345\213\342\131\004\164\006\150\106\147\266}{}% 14
\BOOKMARK [1][-]{section.3.1}{\376\377\137\025\212\000}{chapter.3}% 15
\BOOKMARK [1][-]{section.3.2}{\376\377\143\245\123\343\121\375\145\160}{chapter.3}% 16
\BOOKMARK [1][-]{section.3.3}{\376\377\000F\000T\000B\150\106\147\266}{chapter.3}% 17
\BOOKMARK [2][-]{subsection.3.3.1}{\376\377\000F\000T\000B\150\106\147\266\213\276\213\241\123\237\164\006}{section.3.3}% 18
\BOOKMARK [2][-]{subsection.3.3.2}{\376\377\000F\000T\000B\150\106\147\266\133\236\163\260}{section.3.3}% 19
\BOOKMARK [1][-]{section.3.4}{\376\377\000F\000L\000B\150\106\147\266}{chapter.3}% 20
\BOOKMARK [2][-]{subsection.3.4.1}{\376\377\000F\000L\000B\150\106\147\266\213\276\213\241\123\237\164\006}{section.3.4}% 21
\BOOKMARK [2][-]{subsection.3.4.2}{\376\377\000F\000L\000B\150\106\147\266\133\236\163\260}{section.3.4}% 22
\BOOKMARK [1][-]{section.3.5}{\376\377\147\054\172\340\134\017\176\323}{chapter.3}% 23
\BOOKMARK [0][-]{chapter.4}{\376\377\000F\000T\000B\150\106\147\266\166\204\136\224\165\050}{}% 24
\BOOKMARK [1][-]{section.4.1}{\376\377\127\372\116\216\153\047\137\017\215\335\171\273\166\204\151\202\211\201\145\160\143\156}{chapter.4}% 25
\BOOKMARK [2][-]{subsection.4.1.1}{\376\377\127\372\116\216\153\047\137\017\215\335\171\273\166\204\217\150\217\371\166\370\117\074\136\246\136\246\221\317}{section.4.1}% 26
\BOOKMARK [2][-]{subsection.4.1.2}{\376\377\127\372\116\216\124\310\134\024\134\017\154\342\166\204\217\150\217\371\151\202\211\201\145\160\143\156\142\275\123\326}{section.4.1}% 27
\BOOKMARK [1][-]{section.4.2}{\376\377\217\150\217\371\153\047\137\017\215\335\171\273\116\012\116\013\165\114}{chapter.4}% 28
\BOOKMARK [2][-]{subsection.4.2.1}{\376\377\127\372\116\216\124\310\134\024\134\017\154\342\166\204\153\047\137\017\215\335\171\273\210\150\171\072}{section.4.2}% 29
\BOOKMARK [2][-]{subsection.4.2.2}{\376\377\127\372\116\216\124\310\134\024\134\017\154\342\166\204\153\047\137\017\215\335\171\273\116\012\116\013\165\114}{section.4.2}% 30
\BOOKMARK [1][-]{section.4.3}{\376\377\127\372\116\216\153\047\137\017\215\335\171\273\166\204\147\345\213\342\173\227\154\325\000:\000E\000D\000-\000F\000T\000B}{chapter.4}% 31
\BOOKMARK [2][-]{subsection.4.3.1}{\376\377\000E\000D\000-\000F\000T\000B\173\227\154\325\133\236\163\260}{section.4.3}% 32
\BOOKMARK [2][-]{subsection.4.3.2}{\376\377\000E\000D\000-\000F\000T\000B\173\227\154\325\140\047\200\375\122\006\147\220}{section.4.3}% 33
\BOOKMARK [1][-]{section.4.4}{\376\377\133\236\232\214\122\006\147\220}{chapter.4}% 34
\BOOKMARK [2][-]{subsection.4.4.1}{\376\377\133\236\232\214\213\276\177\156}{section.4.4}% 35
\BOOKMARK [2][-]{subsection.4.4.2}{\376\377\173\227\154\325\147\011\145\110\140\047}{section.4.4}% 36
\BOOKMARK [2][-]{subsection.4.4.3}{\376\377\173\227\154\325\123\357\142\151\134\125\140\047}{section.4.4}% 37
\BOOKMARK [1][-]{section.4.5}{\376\377\147\054\172\340\134\017\176\323}{chapter.4}% 38
\BOOKMARK [1][-]{section.4.6}{\376\377\226\104\116\366}{chapter.4}% 39
\BOOKMARK [0][-]{chapter.5}{\376\377\000F\000L\000B\150\106\147\266\166\204\136\224\165\050}{}% 40
\BOOKMARK [1][-]{section.5.1}{\376\377\127\372\116\216\122\250\140\001\145\366\225\364\123\167\146\362\215\335\171\273\166\204\151\202\211\201\145\160\143\156}{chapter.5}% 41
\BOOKMARK [2][-]{subsection.5.1.1}{\376\377\127\372\116\216\122\250\140\001\145\366\225\364\123\167\146\362\215\335\171\273\166\204\217\150\217\371\166\370\117\074\136\246\136\246\221\317}{section.5.1}% 42
\BOOKMARK [2][-]{subsection.5.1.2}{\376\377\127\372\116\216\123\005\126\364\117\341\134\001\166\204\151\202\211\201\145\160\143\156}{section.5.1}% 43
\BOOKMARK [1][-]{section.5.2}{\376\377\122\250\140\001\145\366\225\364\123\167\146\362\215\335\171\273\166\204\116\013\165\114}{chapter.5}% 44
\BOOKMARK [2][-]{subsection.5.2.1}{\376\377\156\341\215\263\000D\000T\000W\176\246\147\137\166\204\123\005\126\364\117\341\134\001\123\312\116\013\165\114}{section.5.2}% 45
\BOOKMARK [2][-]{subsection.5.2.2}{\376\377\127\372\116\216\131\032\174\222\136\246\123\005\126\364\117\341\134\001\166\204\116\013\165\114}{section.5.2}% 46
\BOOKMARK [1][-]{section.5.3}{\376\377\127\372\116\216\122\250\140\001\145\366\225\364\215\335\171\273\166\204\147\345\213\342\173\227\154\325\000:\000D\000T\000W\000-\000F\000L\000B}{chapter.5}% 47
\BOOKMARK [2][-]{subsection.5.3.1}{\376\377\000D\000T\000W\000-\000F\000L\000B\173\227\154\325\133\236\163\260}{section.5.3}% 48
\BOOKMARK [2][-]{subsection.5.3.2}{\376\377\000D\000T\000W\000-\000F\000L\000B\173\227\154\325\140\047\200\375\122\006\147\220}{section.5.3}% 49
\BOOKMARK [1][-]{section.5.4}{\376\377\133\236\232\214\122\006\147\220}{chapter.5}% 50
\BOOKMARK [2][-]{subsection.5.4.1}{\376\377\133\236\232\214\213\276\177\156}{section.5.4}% 51
\BOOKMARK [2][-]{subsection.5.4.2}{\376\377\173\227\154\325\147\011\145\110\140\047}{section.5.4}% 52
\BOOKMARK [2][-]{subsection.5.4.3}{\376\377\173\227\154\325\123\357\142\151\134\125\140\047}{section.5.4}% 53
\BOOKMARK [1][-]{section.5.5}{\376\377\147\054\172\340\134\017\176\323}{chapter.5}% 54
\BOOKMARK [1][-]{section.5.6}{\376\377\226\104\116\366}{chapter.5}% 55
\BOOKMARK [0][-]{equation.5.6.18}{\376\377\123\302\200\003\145\207\163\056}{}% 56
\BOOKMARK [0][-]{chapter*.23}{\376\377\226\104\137\125}{}% 57
\BOOKMARK [0][-]{section*.25}{\376\377\201\364\214\042}{}% 58
\BOOKMARK [0][-]{chapter*.26}{\376\377\123\321\210\150\213\272\145\207\124\214\171\321\170\024\140\305\121\265}{}% 59
